<?xml version="1.0" encoding="UTF-8"?>
<coverage generated="1574298819235" clover="3.2.0">
  <project timestamp="1574298819235" name="All files">
    <metrics statements="183" coveredstatements="104" conditionals="89" coveredconditionals="43" methods="36" coveredmethods="13" elements="308" coveredelements="160" complexity="0" loc="183" ncloc="183" packages="1" files="1" classes="1"/>
    <file name="index.js" path="/Users/cam/Documents/calender/botazo-calendar/index.js">
      <metrics statements="183" coveredstatements="104" conditionals="89" coveredconditionals="43" methods="36" coveredmethods="13"/>
      <line num="1" count="1" type="stmt"/>
      <line num="3" count="1" type="stmt"/>
      <line num="4" count="1" type="stmt"/>
      <line num="6" count="1" type="stmt"/>
      <line num="8" count="1" type="stmt"/>
      <line num="18" count="1" type="stmt"/>
      <line num="19" count="1" type="stmt"/>
      <line num="21" count="1" type="stmt"/>
      <line num="26" count="1" type="stmt"/>
      <line num="34" count="1" type="stmt"/>
      <line num="42" count="1" type="stmt"/>
      <line num="50" count="1" type="stmt"/>
      <line num="59" count="1" type="stmt"/>
      <line num="62" count="1" type="stmt"/>
      <line num="65" count="1" type="stmt"/>
      <line num="66" count="0" type="cond" truecount="0" falsecount="2"/>
      <line num="67" count="0" type="stmt"/>
      <line num="75" count="1" type="stmt"/>
      <line num="76" count="1" type="stmt"/>
      <line num="77" count="1" type="cond" truecount="1" falsecount="1"/>
      <line num="78" count="0" type="stmt"/>
      <line num="79" count="1" type="cond" truecount="1" falsecount="1"/>
      <line num="80" count="0" type="stmt"/>
      <line num="81" count="1" type="cond" truecount="1" falsecount="1"/>
      <line num="82" count="0" type="stmt"/>
      <line num="83" count="1" type="cond" truecount="1" falsecount="1"/>
      <line num="84" count="0" type="stmt"/>
      <line num="85" count="1" type="cond" truecount="1" falsecount="1"/>
      <line num="86" count="0" type="stmt"/>
      <line num="87" count="1" type="cond" truecount="1" falsecount="1"/>
      <line num="88" count="0" type="stmt"/>
      <line num="89" count="1" type="cond" truecount="1" falsecount="1"/>
      <line num="90" count="0" type="stmt"/>
      <line num="91" count="0" type="stmt"/>
      <line num="92" count="1" type="cond" truecount="1" falsecount="1"/>
      <line num="93" count="0" type="stmt"/>
      <line num="94" count="1" type="cond" truecount="1" falsecount="1"/>
      <line num="95" count="0" type="stmt"/>
      <line num="96" count="1" type="cond" truecount="1" falsecount="1"/>
      <line num="97" count="0" type="stmt"/>
      <line num="98" count="1" type="cond" truecount="1" falsecount="1"/>
      <line num="99" count="0" type="stmt"/>
      <line num="100" count="1" type="cond" truecount="1" falsecount="1"/>
      <line num="101" count="0" type="stmt"/>
      <line num="103" count="1" type="stmt"/>
      <line num="113" count="1" type="stmt"/>
      <line num="114" count="1" type="stmt"/>
      <line num="115" count="1" type="stmt"/>
      <line num="125" count="0" type="stmt"/>
      <line num="126" count="0" type="cond" truecount="0" falsecount="2"/>
      <line num="127" count="0" type="stmt"/>
      <line num="128" count="0" type="stmt"/>
      <line num="129" count="0" type="stmt"/>
      <line num="131" count="0" type="stmt"/>
      <line num="132" count="0" type="stmt"/>
      <line num="133" count="0" type="cond" truecount="0" falsecount="2"/>
      <line num="134" count="0" type="stmt"/>
      <line num="136" count="0" type="stmt"/>
      <line num="137" count="0" type="cond" truecount="0" falsecount="2"/>
      <line num="138" count="0" type="stmt"/>
      <line num="151" count="0" type="stmt"/>
      <line num="152" count="0" type="cond" truecount="0" falsecount="2"/>
      <line num="154" count="0" type="stmt"/>
      <line num="166" count="0" type="stmt"/>
      <line num="167" count="0" type="stmt"/>
      <line num="170" count="0" type="stmt"/>
      <line num="171" count="0" type="cond" truecount="0" falsecount="2"/>
      <line num="172" count="0" type="stmt"/>
      <line num="173" count="0" type="stmt"/>
      <line num="184" count="0" type="stmt"/>
      <line num="185" count="0" type="stmt"/>
      <line num="186" count="0" type="stmt"/>
      <line num="195" count="0" type="stmt"/>
      <line num="196" count="0" type="cond" truecount="0" falsecount="2"/>
      <line num="197" count="0" type="stmt"/>
      <line num="209" count="0" type="stmt"/>
      <line num="210" count="0" type="stmt"/>
      <line num="211" count="0" type="stmt"/>
      <line num="212" count="0" type="cond" truecount="0" falsecount="2"/>
      <line num="213" count="0" type="stmt"/>
      <line num="214" count="0" type="stmt"/>
      <line num="215" count="0" type="stmt"/>
      <line num="226" count="0" type="stmt"/>
      <line num="227" count="0" type="stmt"/>
      <line num="228" count="0" type="stmt"/>
      <line num="229" count="0" type="cond" truecount="0" falsecount="2"/>
      <line num="230" count="0" type="stmt"/>
      <line num="231" count="0" type="stmt"/>
      <line num="232" count="0" type="stmt"/>
      <line num="244" count="0" type="stmt"/>
      <line num="245" count="0" type="stmt"/>
      <line num="246" count="0" type="stmt"/>
      <line num="247" count="0" type="cond" truecount="0" falsecount="2"/>
      <line num="248" count="0" type="stmt"/>
      <line num="249" count="0" type="stmt"/>
      <line num="250" count="0" type="stmt"/>
      <line num="261" count="0" type="stmt"/>
      <line num="262" count="0" type="stmt"/>
      <line num="263" count="0" type="stmt"/>
      <line num="264" count="0" type="cond" truecount="0" falsecount="2"/>
      <line num="265" count="0" type="stmt"/>
      <line num="266" count="0" type="stmt"/>
      <line num="267" count="0" type="stmt"/>
      <line num="279" count="0" type="stmt"/>
      <line num="280" count="0" type="stmt"/>
      <line num="281" count="0" type="stmt"/>
      <line num="282" count="0" type="cond" truecount="0" falsecount="2"/>
      <line num="283" count="0" type="stmt"/>
      <line num="284" count="0" type="stmt"/>
      <line num="285" count="0" type="stmt"/>
      <line num="294" count="6" type="stmt"/>
      <line num="295" count="6" type="stmt"/>
      <line num="296" count="6" type="stmt"/>
      <line num="297" count="6" type="stmt"/>
      <line num="306" count="2" type="stmt"/>
      <line num="307" count="2" type="stmt"/>
      <line num="308" count="2" type="stmt"/>
      <line num="309" count="2" type="stmt"/>
      <line num="310" count="2" type="stmt"/>
      <line num="319" count="125" type="cond" truecount="2" falsecount="0"/>
      <line num="320" count="49" type="stmt"/>
      <line num="322" count="125" type="stmt"/>
      <line num="331" count="54" type="stmt"/>
      <line num="332" count="54" type="stmt"/>
      <line num="334" count="54" type="stmt"/>
      <line num="335" count="54" type="cond" truecount="2" falsecount="0"/>
      <line num="336" count="23" type="stmt"/>
      <line num="338" count="31" type="stmt"/>
      <line num="340" count="54" type="cond" truecount="2" falsecount="0"/>
      <line num="342" count="54" type="stmt"/>
      <line num="343" count="54" type="stmt"/>
      <line num="344" count="54" type="stmt"/>
      <line num="353" count="21" type="stmt"/>
      <line num="362" count="21" type="stmt"/>
      <line num="371" count="14" type="cond" truecount="2" falsecount="0"/>
      <line num="372" count="13" type="stmt"/>
      <line num="373" count="13" type="stmt"/>
      <line num="374" count="13" type="stmt"/>
      <line num="375" count="20" type="cond" truecount="1" falsecount="1"/>
      <line num="376" count="20" type="cond" truecount="1" falsecount="1"/>
      <line num="377" count="20" type="stmt"/>
      <line num="378" count="20" type="cond" truecount="2" falsecount="0"/>
      <line num="379" count="16" type="stmt"/>
      <line num="380" count="16" type="stmt"/>
      <line num="382" count="20" type="stmt"/>
      <line num="384" count="13" type="stmt"/>
      <line num="386" count="1" type="stmt"/>
      <line num="387" count="1" type="stmt"/>
      <line num="397" count="6" type="cond" truecount="2" falsecount="0"/>
      <line num="398" count="4" type="stmt"/>
      <line num="399" count="4" type="stmt"/>
      <line num="400" count="4" type="stmt"/>
      <line num="401" count="6" type="cond" truecount="2" falsecount="0"/>
      <line num="402" count="4" type="cond" truecount="1" falsecount="1"/>
      <line num="403" count="4" type="cond" truecount="1" falsecount="1"/>
      <line num="404" count="4" type="stmt"/>
      <line num="405" count="4" type="cond" truecount="1" falsecount="1"/>
      <line num="406" count="4" type="stmt"/>
      <line num="407" count="4" type="stmt"/>
      <line num="409" count="4" type="stmt"/>
      <line num="411" count="2" type="cond" truecount="1" falsecount="1"/>
      <line num="412" count="2" type="cond" truecount="1" falsecount="1"/>
      <line num="413" count="2" type="stmt"/>
      <line num="416" count="4" type="stmt"/>
      <line num="417" count="4" type="stmt"/>
      <line num="419" count="2" type="stmt"/>
      <line num="431" count="17" type="stmt"/>
      <line num="432" count="17" type="cond" truecount="2" falsecount="0"/>
      <line num="433" count="9" type="stmt"/>
      <line num="435" count="8" type="stmt"/>
      <line num="438" count="17" type="cond" truecount="2" falsecount="0"/>
      <line num="439" count="6" type="stmt"/>
      <line num="440" count="11" type="cond" truecount="2" falsecount="0"/>
      <line num="441" count="4" type="stmt"/>
      <line num="442" count="7" type="cond" truecount="2" falsecount="0"/>
      <line num="443" count="4" type="stmt"/>
      <line num="444" count="3" type="cond" truecount="1" falsecount="1"/>
      <line num="445" count="0" type="stmt"/>
      <line num="446" count="3" type="cond" truecount="1" falsecount="1"/>
      <line num="447" count="3" type="stmt"/>
      <line num="449" count="0" type="stmt"/>
      <line num="452" count="17" type="stmt"/>
      <line num="455" count="1" type="stmt"/>
    </file>
  </project>
</coverage>
