<?xml version="1.0" encoding="UTF-8"?>
<coverage generated="1574204093463" clover="3.2.0">
  <project timestamp="1574204093463" name="All files">
    <metrics statements="205" coveredstatements="84" conditionals="97" coveredconditionals="31" methods="41" coveredmethods="12" elements="343" coveredelements="127" complexity="0" loc="205" ncloc="205" packages="1" files="1" classes="1"/>
    <file name="index.js" path="C:\Users\gpadm\Documents\Homework\CIS3760\botazo-calendar\index.js">
      <metrics statements="205" coveredstatements="84" conditionals="97" coveredconditionals="31" methods="41" coveredmethods="12"/>
      <line num="1" count="1" type="stmt"/>
      <line num="3" count="1" type="stmt"/>
      <line num="4" count="1" type="stmt"/>
      <line num="6" count="1" type="stmt"/>
      <line num="9" count="1" type="stmt"/>
      <line num="15" count="1" type="stmt"/>
      <line num="18" count="1" type="stmt"/>
      <line num="21" count="1" type="stmt"/>
      <line num="22" count="0" type="cond" truecount="0" falsecount="2"/>
      <line num="23" count="0" type="stmt"/>
      <line num="25" count="0" type="stmt"/>
      <line num="33" count="0" type="stmt"/>
      <line num="34" count="0" type="stmt"/>
      <line num="35" count="0" type="cond" truecount="0" falsecount="2"/>
      <line num="36" count="0" type="stmt"/>
      <line num="37" count="0" type="cond" truecount="0" falsecount="2"/>
      <line num="38" count="0" type="stmt"/>
      <line num="39" count="0" type="stmt"/>
      <line num="40" count="0" type="cond" truecount="0" falsecount="2"/>
      <line num="41" count="0" type="stmt"/>
      <line num="42" count="0" type="cond" truecount="0" falsecount="2"/>
      <line num="43" count="0" type="stmt"/>
      <line num="44" count="0" type="stmt"/>
      <line num="45" count="0" type="cond" truecount="0" falsecount="2"/>
      <line num="46" count="0" type="stmt"/>
      <line num="47" count="0" type="cond" truecount="0" falsecount="2"/>
      <line num="48" count="0" type="stmt"/>
      <line num="49" count="0" type="stmt"/>
      <line num="50" count="0" type="cond" truecount="0" falsecount="2"/>
      <line num="51" count="0" type="stmt"/>
      <line num="52" count="0" type="cond" truecount="0" falsecount="2"/>
      <line num="53" count="0" type="stmt"/>
      <line num="54" count="0" type="cond" truecount="0" falsecount="2"/>
      <line num="55" count="0" type="stmt"/>
      <line num="56" count="0" type="cond" truecount="0" falsecount="2"/>
      <line num="57" count="0" type="stmt"/>
      <line num="58" count="0" type="stmt"/>
      <line num="59" count="0" type="cond" truecount="0" falsecount="2"/>
      <line num="60" count="0" type="stmt"/>
      <line num="61" count="0" type="cond" truecount="0" falsecount="2"/>
      <line num="62" count="0" type="stmt"/>
      <line num="64" count="0" type="stmt"/>
      <line num="65" count="0" type="stmt"/>
      <line num="66" count="0" type="stmt"/>
      <line num="67" count="0" type="cond" truecount="0" falsecount="2"/>
      <line num="68" count="0" type="stmt"/>
      <line num="69" count="0" type="stmt"/>
      <line num="79" count="1" type="stmt"/>
      <line num="80" count="1" type="stmt"/>
      <line num="81" count="1" type="stmt"/>
      <line num="89" count="0" type="stmt"/>
      <line num="90" count="0" type="stmt"/>
      <line num="108" count="0" type="stmt"/>
      <line num="109" count="0" type="cond" truecount="0" falsecount="2"/>
      <line num="110" count="0" type="stmt"/>
      <line num="111" count="0" type="stmt"/>
      <line num="112" count="0" type="stmt"/>
      <line num="114" count="0" type="stmt"/>
      <line num="115" count="0" type="stmt"/>
      <line num="116" count="0" type="cond" truecount="0" falsecount="2"/>
      <line num="117" count="0" type="stmt"/>
      <line num="119" count="0" type="stmt"/>
      <line num="120" count="0" type="cond" truecount="0" falsecount="2"/>
      <line num="121" count="0" type="stmt"/>
      <line num="134" count="0" type="stmt"/>
      <line num="135" count="0" type="cond" truecount="0" falsecount="2"/>
      <line num="137" count="0" type="stmt"/>
      <line num="149" count="0" type="stmt"/>
      <line num="150" count="0" type="stmt"/>
      <line num="153" count="0" type="stmt"/>
      <line num="154" count="0" type="cond" truecount="0" falsecount="2"/>
      <line num="155" count="0" type="stmt"/>
      <line num="156" count="0" type="stmt"/>
      <line num="167" count="0" type="stmt"/>
      <line num="172" count="0" type="stmt"/>
      <line num="174" count="0" type="stmt"/>
      <line num="183" count="0" type="stmt"/>
      <line num="184" count="0" type="cond" truecount="0" falsecount="2"/>
      <line num="185" count="0" type="stmt"/>
      <line num="197" count="0" type="stmt"/>
      <line num="198" count="0" type="stmt"/>
      <line num="199" count="0" type="stmt"/>
      <line num="206" count="0" type="cond" truecount="0" falsecount="2"/>
      <line num="207" count="0" type="stmt"/>
      <line num="208" count="0" type="stmt"/>
      <line num="209" count="0" type="stmt"/>
      <line num="210" count="0" type="stmt"/>
      <line num="221" count="0" type="stmt"/>
      <line num="222" count="0" type="stmt"/>
      <line num="223" count="0" type="stmt"/>
      <line num="230" count="0" type="cond" truecount="0" falsecount="2"/>
      <line num="231" count="0" type="stmt"/>
      <line num="232" count="0" type="stmt"/>
      <line num="233" count="0" type="stmt"/>
      <line num="234" count="0" type="stmt"/>
      <line num="246" count="0" type="stmt"/>
      <line num="247" count="0" type="stmt"/>
      <line num="248" count="0" type="stmt"/>
      <line num="255" count="0" type="cond" truecount="0" falsecount="2"/>
      <line num="256" count="0" type="stmt"/>
      <line num="257" count="0" type="stmt"/>
      <line num="258" count="0" type="stmt"/>
      <line num="259" count="0" type="stmt"/>
      <line num="270" count="0" type="stmt"/>
      <line num="271" count="0" type="stmt"/>
      <line num="272" count="0" type="stmt"/>
      <line num="279" count="0" type="cond" truecount="0" falsecount="2"/>
      <line num="280" count="0" type="stmt"/>
      <line num="281" count="0" type="stmt"/>
      <line num="282" count="0" type="stmt"/>
      <line num="283" count="0" type="stmt"/>
      <line num="293" count="0" type="stmt"/>
      <line num="294" count="0" type="cond" truecount="0" falsecount="2"/>
      <line num="296" count="0" type="stmt"/>
      <line num="297" count="0" type="stmt"/>
      <line num="298" count="0" type="stmt"/>
      <line num="299" count="0" type="stmt"/>
      <line num="300" count="0" type="cond" truecount="0" falsecount="2"/>
      <line num="301" count="0" type="stmt"/>
      <line num="303" count="0" type="stmt"/>
      <line num="304" count="0" type="cond" truecount="0" falsecount="2"/>
      <line num="305" count="0" type="stmt"/>
      <line num="318" count="0" type="stmt"/>
      <line num="319" count="0" type="stmt"/>
      <line num="320" count="0" type="stmt"/>
      <line num="327" count="0" type="cond" truecount="0" falsecount="2"/>
      <line num="328" count="0" type="stmt"/>
      <line num="329" count="0" type="stmt"/>
      <line num="330" count="0" type="stmt"/>
      <line num="331" count="0" type="stmt"/>
      <line num="340" count="1" type="stmt"/>
      <line num="341" count="1" type="stmt"/>
      <line num="342" count="1" type="stmt"/>
      <line num="343" count="1" type="stmt"/>
      <line num="352" count="1" type="stmt"/>
      <line num="353" count="1" type="stmt"/>
      <line num="354" count="1" type="stmt"/>
      <line num="355" count="1" type="stmt"/>
      <line num="356" count="1" type="stmt"/>
      <line num="365" count="113" type="cond" truecount="2" falsecount="0"/>
      <line num="366" count="49" type="stmt"/>
      <line num="368" count="113" type="stmt"/>
      <line num="377" count="54" type="stmt"/>
      <line num="378" count="54" type="stmt"/>
      <line num="380" count="54" type="stmt"/>
      <line num="381" count="54" type="cond" truecount="2" falsecount="0"/>
      <line num="382" count="23" type="stmt"/>
      <line num="384" count="31" type="stmt"/>
      <line num="386" count="54" type="cond" truecount="2" falsecount="0"/>
      <line num="388" count="54" type="stmt"/>
      <line num="389" count="54" type="stmt"/>
      <line num="390" count="54" type="stmt"/>
      <line num="399" count="21" type="stmt"/>
      <line num="400" count="21" type="stmt"/>
      <line num="409" count="21" type="stmt"/>
      <line num="410" count="21" type="stmt"/>
      <line num="419" count="14" type="cond" truecount="2" falsecount="0"/>
      <line num="420" count="13" type="stmt"/>
      <line num="421" count="13" type="stmt"/>
      <line num="422" count="13" type="stmt"/>
      <line num="423" count="20" type="cond" truecount="1" falsecount="1"/>
      <line num="424" count="20" type="cond" truecount="1" falsecount="1"/>
      <line num="425" count="20" type="stmt"/>
      <line num="426" count="20" type="cond" truecount="2" falsecount="0"/>
      <line num="427" count="16" type="stmt"/>
      <line num="428" count="16" type="stmt"/>
      <line num="430" count="20" type="stmt"/>
      <line num="432" count="13" type="stmt"/>
      <line num="434" count="1" type="stmt"/>
      <line num="435" count="1" type="stmt"/>
      <line num="445" count="6" type="cond" truecount="2" falsecount="0"/>
      <line num="446" count="4" type="stmt"/>
      <line num="447" count="4" type="stmt"/>
      <line num="448" count="4" type="stmt"/>
      <line num="449" count="6" type="cond" truecount="2" falsecount="0"/>
      <line num="450" count="4" type="cond" truecount="1" falsecount="1"/>
      <line num="451" count="4" type="cond" truecount="1" falsecount="1"/>
      <line num="452" count="4" type="stmt"/>
      <line num="453" count="4" type="cond" truecount="1" falsecount="1"/>
      <line num="454" count="4" type="stmt"/>
      <line num="455" count="4" type="stmt"/>
      <line num="457" count="4" type="stmt"/>
      <line num="459" count="2" type="cond" truecount="1" falsecount="1"/>
      <line num="460" count="2" type="cond" truecount="1" falsecount="1"/>
      <line num="461" count="2" type="stmt"/>
      <line num="464" count="4" type="stmt"/>
      <line num="465" count="4" type="stmt"/>
      <line num="467" count="2" type="stmt"/>
      <line num="479" count="17" type="stmt"/>
      <line num="480" count="17" type="cond" truecount="2" falsecount="0"/>
      <line num="481" count="9" type="stmt"/>
      <line num="483" count="8" type="stmt"/>
      <line num="486" count="17" type="cond" truecount="2" falsecount="0"/>
      <line num="487" count="6" type="stmt"/>
      <line num="488" count="11" type="cond" truecount="2" falsecount="0"/>
      <line num="489" count="4" type="stmt"/>
      <line num="490" count="7" type="cond" truecount="2" falsecount="0"/>
      <line num="491" count="4" type="stmt"/>
      <line num="492" count="3" type="cond" truecount="1" falsecount="1"/>
      <line num="493" count="0" type="stmt"/>
      <line num="494" count="3" type="cond" truecount="1" falsecount="1"/>
      <line num="495" count="3" type="stmt"/>
      <line num="497" count="0" type="stmt"/>
      <line num="500" count="17" type="stmt"/>
      <line num="503" count="1" type="stmt"/>
    </file>
  </project>
</coverage>
