{"/Users/cam/Documents/calender/botazo-calendar/index.js": {"path":"/Users/cam/Documents/calender/botazo-calendar/index.js","statementMap":{"0":{"start":{"line":1,"column":17},"end":{"line":1,"column":37}},"1":{"start":{"line":3,"column":11},"end":{"line":3,"column":24}},"2":{"start":{"line":4,"column":17},"end":{"line":4,"column":38}},"3":{"start":{"line":6,"column":15},"end":{"line":6,"column":68}},"4":{"start":{"line":8,"column":26},"end":{"line":16,"column":91}},"5":{"start":{"line":18,"column":19},"end":{"line":18,"column":71}},"6":{"start":{"line":19,"column":20},"end":{"line":19,"column":142}},"7":{"start":{"line":21,"column":12},"end":{"line":24,"column":2}},"8":{"start":{"line":26,"column":16},"end":{"line":32,"column":1}},"9":{"start":{"line":34,"column":21},"end":{"line":40,"column":1}},"10":{"start":{"line":42,"column":20},"end":{"line":48,"column":1}},"11":{"start":{"line":50,"column":17},"end":{"line":56,"column":1}},"12":{"start":{"line":59,"column":0},"end":{"line":59,"column":26}},"13":{"start":{"line":62,"column":0},"end":{"line":62,"column":43}},"14":{"start":{"line":62,"column":25},"end":{"line":62,"column":41}},"15":{"start":{"line":65,"column":0},"end":{"line":68,"column":3}},"16":{"start":{"line":66,"column":2},"end":{"line":66,"column":38}},"17":{"start":{"line":66,"column":31},"end":{"line":66,"column":38}},"18":{"start":{"line":67,"column":2},"end":{"line":67,"column":22}},"19":{"start":{"line":75,"column":18},"end":{"line":75,"column":27}},"20":{"start":{"line":76,"column":15},"end":{"line":76,"column":24}},"21":{"start":{"line":77,"column":2},"end":{"line":104,"column":3}},"22":{"start":{"line":78,"column":4},"end":{"line":78,"column":47}},"23":{"start":{"line":79,"column":9},"end":{"line":104,"column":3}},"24":{"start":{"line":80,"column":4},"end":{"line":80,"column":70}},"25":{"start":{"line":81,"column":9},"end":{"line":104,"column":3}},"26":{"start":{"line":82,"column":4},"end":{"line":82,"column":48}},"27":{"start":{"line":83,"column":9},"end":{"line":104,"column":3}},"28":{"start":{"line":84,"column":4},"end":{"line":84,"column":71}},"29":{"start":{"line":85,"column":9},"end":{"line":104,"column":3}},"30":{"start":{"line":86,"column":4},"end":{"line":86,"column":51}},"31":{"start":{"line":87,"column":9},"end":{"line":104,"column":3}},"32":{"start":{"line":88,"column":4},"end":{"line":88,"column":74}},"33":{"start":{"line":89,"column":9},"end":{"line":104,"column":3}},"34":{"start":{"line":90,"column":21},"end":{"line":90,"column":40}},"35":{"start":{"line":91,"column":4},"end":{"line":91,"column":55}},"36":{"start":{"line":92,"column":9},"end":{"line":104,"column":3}},"37":{"start":{"line":93,"column":4},"end":{"line":93,"column":52}},"38":{"start":{"line":94,"column":10},"end":{"line":104,"column":3}},"39":{"start":{"line":95,"column":4},"end":{"line":95,"column":46}},"40":{"start":{"line":96,"column":9},"end":{"line":104,"column":3}},"41":{"start":{"line":97,"column":4},"end":{"line":97,"column":69}},"42":{"start":{"line":98,"column":9},"end":{"line":104,"column":3}},"43":{"start":{"line":99,"column":4},"end":{"line":99,"column":53}},"44":{"start":{"line":100,"column":9},"end":{"line":104,"column":3}},"45":{"start":{"line":101,"column":4},"end":{"line":101,"column":96}},"46":{"start":{"line":103,"column":4},"end":{"line":103,"column":14}},"47":{"start":{"line":113,"column":13},"end":{"line":113,"column":41}},"48":{"start":{"line":114,"column":2},"end":{"line":114,"column":41}},"49":{"start":{"line":115,"column":2},"end":{"line":115,"column":14}},"50":{"start":{"line":125,"column":2},"end":{"line":141,"column":5}},"51":{"start":{"line":126,"column":4},"end":{"line":126,"column":74}},"52":{"start":{"line":126,"column":13},"end":{"line":126,"column":74}},"53":{"start":{"line":127,"column":24},"end":{"line":127,"column":43}},"54":{"start":{"line":128,"column":54},"end":{"line":128,"column":75}},"55":{"start":{"line":129,"column":25},"end":{"line":129,"column":91}},"56":{"start":{"line":131,"column":21},"end":{"line":131,"column":40}},"57":{"start":{"line":132,"column":4},"end":{"line":140,"column":7}},"58":{"start":{"line":133,"column":6},"end":{"line":133,"column":74}},"59":{"start":{"line":133,"column":15},"end":{"line":133,"column":74}},"60":{"start":{"line":134,"column":6},"end":{"line":134,"column":41}},"61":{"start":{"line":136,"column":6},"end":{"line":139,"column":9}},"62":{"start":{"line":137,"column":8},"end":{"line":137,"column":43}},"63":{"start":{"line":137,"column":17},"end":{"line":137,"column":43}},"64":{"start":{"line":138,"column":8},"end":{"line":138,"column":125}},"65":{"start":{"line":151,"column":2},"end":{"line":155,"column":5}},"66":{"start":{"line":152,"column":4},"end":{"line":152,"column":74}},"67":{"start":{"line":152,"column":13},"end":{"line":152,"column":74}},"68":{"start":{"line":154,"column":4},"end":{"line":154,"column":73}},"69":{"start":{"line":166,"column":52},"end":{"line":166,"column":73}},"70":{"start":{"line":167,"column":23},"end":{"line":167,"column":89}},"71":{"start":{"line":170,"column":2},"end":{"line":174,"column":5}},"72":{"start":{"line":171,"column":4},"end":{"line":171,"column":73}},"73":{"start":{"line":171,"column":13},"end":{"line":171,"column":73}},"74":{"start":{"line":172,"column":4},"end":{"line":172,"column":51}},"75":{"start":{"line":173,"column":4},"end":{"line":173,"column":55}},"76":{"start":{"line":184,"column":18},"end":{"line":184,"column":87}},"77":{"start":{"line":185,"column":19},"end":{"line":185,"column":38}},"78":{"start":{"line":186,"column":2},"end":{"line":186,"column":172}},"79":{"start":{"line":195,"column":2},"end":{"line":199,"column":3}},"80":{"start":{"line":196,"column":4},"end":{"line":198,"column":5}},"81":{"start":{"line":197,"column":6},"end":{"line":197,"column":53}},"82":{"start":{"line":209,"column":23},"end":{"line":209,"column":46}},"83":{"start":{"line":210,"column":19},"end":{"line":210,"column":57}},"84":{"start":{"line":211,"column":2},"end":{"line":216,"column":5}},"85":{"start":{"line":212,"column":4},"end":{"line":212,"column":69}},"86":{"start":{"line":212,"column":13},"end":{"line":212,"column":69}},"87":{"start":{"line":213,"column":20},"end":{"line":213,"column":70}},"88":{"start":{"line":214,"column":4},"end":{"line":214,"column":58}},"89":{"start":{"line":215,"column":4},"end":{"line":215,"column":51}},"90":{"start":{"line":226,"column":23},"end":{"line":226,"column":46}},"91":{"start":{"line":227,"column":19},"end":{"line":227,"column":57}},"92":{"start":{"line":228,"column":2},"end":{"line":233,"column":5}},"93":{"start":{"line":229,"column":4},"end":{"line":229,"column":69}},"94":{"start":{"line":229,"column":13},"end":{"line":229,"column":69}},"95":{"start":{"line":230,"column":20},"end":{"line":230,"column":73}},"96":{"start":{"line":231,"column":4},"end":{"line":231,"column":58}},"97":{"start":{"line":232,"column":4},"end":{"line":232,"column":51}},"98":{"start":{"line":244,"column":23},"end":{"line":244,"column":46}},"99":{"start":{"line":245,"column":19},"end":{"line":245,"column":57}},"100":{"start":{"line":246,"column":2},"end":{"line":251,"column":5}},"101":{"start":{"line":247,"column":4},"end":{"line":247,"column":69}},"102":{"start":{"line":247,"column":13},"end":{"line":247,"column":69}},"103":{"start":{"line":248,"column":20},"end":{"line":248,"column":71}},"104":{"start":{"line":249,"column":4},"end":{"line":249,"column":58}},"105":{"start":{"line":250,"column":4},"end":{"line":250,"column":51}},"106":{"start":{"line":261,"column":23},"end":{"line":261,"column":46}},"107":{"start":{"line":262,"column":19},"end":{"line":262,"column":57}},"108":{"start":{"line":263,"column":2},"end":{"line":268,"column":5}},"109":{"start":{"line":264,"column":4},"end":{"line":264,"column":69}},"110":{"start":{"line":264,"column":13},"end":{"line":264,"column":69}},"111":{"start":{"line":265,"column":20},"end":{"line":265,"column":70}},"112":{"start":{"line":266,"column":4},"end":{"line":266,"column":58}},"113":{"start":{"line":267,"column":4},"end":{"line":267,"column":51}},"114":{"start":{"line":279,"column":23},"end":{"line":279,"column":46}},"115":{"start":{"line":280,"column":19},"end":{"line":280,"column":57}},"116":{"start":{"line":281,"column":2},"end":{"line":286,"column":5}},"117":{"start":{"line":282,"column":4},"end":{"line":282,"column":69}},"118":{"start":{"line":282,"column":13},"end":{"line":282,"column":69}},"119":{"start":{"line":283,"column":20},"end":{"line":283,"column":70}},"120":{"start":{"line":284,"column":4},"end":{"line":284,"column":60}},"121":{"start":{"line":285,"column":4},"end":{"line":285,"column":51}},"122":{"start":{"line":294,"column":13},"end":{"line":294,"column":15}},"123":{"start":{"line":295,"column":14},"end":{"line":295,"column":24}},"124":{"start":{"line":296,"column":2},"end":{"line":296,"column":108}},"125":{"start":{"line":297,"column":2},"end":{"line":297,"column":14}},"126":{"start":{"line":306,"column":13},"end":{"line":306,"column":15}},"127":{"start":{"line":307,"column":14},"end":{"line":307,"column":24}},"128":{"start":{"line":308,"column":2},"end":{"line":308,"column":36}},"129":{"start":{"line":309,"column":2},"end":{"line":309,"column":108}},"130":{"start":{"line":310,"column":2},"end":{"line":310,"column":14}},"131":{"start":{"line":319,"column":2},"end":{"line":321,"column":3}},"132":{"start":{"line":320,"column":4},"end":{"line":320,"column":30}},"133":{"start":{"line":322,"column":2},"end":{"line":322,"column":18}},"134":{"start":{"line":331,"column":13},"end":{"line":331,"column":27}},"135":{"start":{"line":332,"column":14},"end":{"line":332,"column":29}},"136":{"start":{"line":334,"column":13},"end":{"line":334,"column":15}},"137":{"start":{"line":335,"column":2},"end":{"line":339,"column":3}},"138":{"start":{"line":336,"column":4},"end":{"line":336,"column":17}},"139":{"start":{"line":338,"column":4},"end":{"line":338,"column":17}},"140":{"start":{"line":340,"column":2},"end":{"line":340,"column":29}},"141":{"start":{"line":342,"column":15},"end":{"line":342,"column":32}},"142":{"start":{"line":343,"column":2},"end":{"line":343,"column":89}},"143":{"start":{"line":344,"column":2},"end":{"line":344,"column":14}},"144":{"start":{"line":353,"column":2},"end":{"line":353,"column":27}},"145":{"start":{"line":362,"column":2},"end":{"line":362,"column":28}},"146":{"start":{"line":371,"column":2},"end":{"line":388,"column":3}},"147":{"start":{"line":372,"column":22},"end":{"line":372,"column":24}},"148":{"start":{"line":373,"column":21},"end":{"line":373,"column":23}},"149":{"start":{"line":374,"column":4},"end":{"line":383,"column":7}},"150":{"start":{"line":375,"column":20},"end":{"line":375,"column":60}},"151":{"start":{"line":376,"column":18},"end":{"line":376,"column":54}},"152":{"start":{"line":377,"column":18},"end":{"line":377,"column":33}},"153":{"start":{"line":378,"column":6},"end":{"line":381,"column":7}},"154":{"start":{"line":379,"column":8},"end":{"line":379,"column":120}},"155":{"start":{"line":380,"column":8},"end":{"line":380,"column":34}},"156":{"start":{"line":382,"column":6},"end":{"line":382,"column":101}},"157":{"start":{"line":384,"column":4},"end":{"line":384,"column":23}},"158":{"start":{"line":386,"column":4},"end":{"line":386,"column":40}},"159":{"start":{"line":387,"column":4},"end":{"line":387,"column":23}},"160":{"start":{"line":397,"column":2},"end":{"line":420,"column":3}},"161":{"start":{"line":398,"column":22},"end":{"line":398,"column":24}},"162":{"start":{"line":399,"column":21},"end":{"line":399,"column":23}},"163":{"start":{"line":400,"column":4},"end":{"line":415,"column":7}},"164":{"start":{"line":401,"column":6},"end":{"line":414,"column":7}},"165":{"start":{"line":402,"column":22},"end":{"line":402,"column":62}},"166":{"start":{"line":403,"column":20},"end":{"line":403,"column":56}},"167":{"start":{"line":404,"column":20},"end":{"line":404,"column":35}},"168":{"start":{"line":405,"column":8},"end":{"line":408,"column":9}},"169":{"start":{"line":406,"column":10},"end":{"line":406,"column":122}},"170":{"start":{"line":407,"column":10},"end":{"line":407,"column":36}},"171":{"start":{"line":409,"column":8},"end":{"line":409,"column":100}},"172":{"start":{"line":411,"column":22},"end":{"line":411,"column":62}},"173":{"start":{"line":412,"column":20},"end":{"line":412,"column":56}},"174":{"start":{"line":413,"column":8},"end":{"line":413,"column":85}},"175":{"start":{"line":416,"column":4},"end":{"line":416,"column":29}},"176":{"start":{"line":417,"column":4},"end":{"line":417,"column":23}},"177":{"start":{"line":419,"column":4},"end":{"line":419,"column":39}},"178":{"start":{"line":431,"column":19},"end":{"line":431,"column":21}},"179":{"start":{"line":432,"column":2},"end":{"line":436,"column":3}},"180":{"start":{"line":433,"column":4},"end":{"line":433,"column":25}},"181":{"start":{"line":435,"column":4},"end":{"line":435,"column":40}},"182":{"start":{"line":438,"column":2},"end":{"line":450,"column":3}},"183":{"start":{"line":439,"column":4},"end":{"line":439,"column":43}},"184":{"start":{"line":440,"column":9},"end":{"line":450,"column":3}},"185":{"start":{"line":441,"column":4},"end":{"line":441,"column":42}},"186":{"start":{"line":442,"column":9},"end":{"line":450,"column":3}},"187":{"start":{"line":443,"column":4},"end":{"line":443,"column":45}},"188":{"start":{"line":444,"column":9},"end":{"line":450,"column":3}},"189":{"start":{"line":445,"column":4},"end":{"line":445,"column":40}},"190":{"start":{"line":446,"column":9},"end":{"line":450,"column":3}},"191":{"start":{"line":447,"column":4},"end":{"line":447,"column":49}},"192":{"start":{"line":449,"column":4},"end":{"line":449,"column":32}},"193":{"start":{"line":452,"column":2},"end":{"line":452,"column":20}},"194":{"start":{"line":455,"column":0},"end":{"line":467,"column":2}}},"fnMap":{"0":{"name":"(anonymous_0)","decl":{"start":{"line":59,"column":16},"end":{"line":59,"column":17}},"loc":{"start":{"line":59,"column":22},"end":{"line":59,"column":24}},"line":59},"1":{"name":"(anonymous_1)","decl":{"start":{"line":62,"column":16},"end":{"line":62,"column":17}},"loc":{"start":{"line":62,"column":25},"end":{"line":62,"column":41}},"line":62},"2":{"name":"(anonymous_2)","decl":{"start":{"line":65,"column":18},"end":{"line":65,"column":19}},"loc":{"start":{"line":65,"column":28},"end":{"line":68,"column":1}},"line":65},"3":{"name":"handleMessage","decl":{"start":{"line":74,"column":9},"end":{"line":74,"column":22}},"loc":{"start":{"line":74,"column":29},"end":{"line":105,"column":1}},"line":74},"4":{"name":"getUserFromMessage","decl":{"start":{"line":112,"column":9},"end":{"line":112,"column":27}},"loc":{"start":{"line":112,"column":37},"end":{"line":116,"column":1}},"line":112},"5":{"name":"storeAuthentication","decl":{"start":{"line":124,"column":9},"end":{"line":124,"column":28}},"loc":{"start":{"line":124,"column":44},"end":{"line":142,"column":1}},"line":124},"6":{"name":"(anonymous_6)","decl":{"start":{"line":125,"column":34},"end":{"line":125,"column":35}},"loc":{"start":{"line":125,"column":52},"end":{"line":141,"column":3}},"line":125},"7":{"name":"(anonymous_7)","decl":{"start":{"line":132,"column":35},"end":{"line":132,"column":36}},"loc":{"start":{"line":132,"column":51},"end":{"line":140,"column":5}},"line":132},"8":{"name":"(anonymous_8)","decl":{"start":{"line":136,"column":64},"end":{"line":136,"column":65}},"loc":{"start":{"line":136,"column":73},"end":{"line":139,"column":7}},"line":136},"9":{"name":"callApiFunction","decl":{"start":{"line":150,"column":9},"end":{"line":150,"column":24}},"loc":{"start":{"line":150,"column":63},"end":{"line":156,"column":1}},"line":150},"10":{"name":"(anonymous_10)","decl":{"start":{"line":151,"column":34},"end":{"line":151,"column":35}},"loc":{"start":{"line":151,"column":52},"end":{"line":155,"column":3}},"line":151},"11":{"name":"authorize","decl":{"start":{"line":165,"column":9},"end":{"line":165,"column":18}},"loc":{"start":{"line":165,"column":70},"end":{"line":175,"column":1}},"line":165},"12":{"name":"(anonymous_12)","decl":{"start":{"line":170,"column":44},"end":{"line":170,"column":45}},"loc":{"start":{"line":170,"column":60},"end":{"line":174,"column":3}},"line":170},"13":{"name":"getAccessToken","decl":{"start":{"line":183,"column":9},"end":{"line":183,"column":23}},"loc":{"start":{"line":183,"column":54},"end":{"line":187,"column":1}},"line":183},"14":{"name":"getNameFromId","decl":{"start":{"line":194,"column":9},"end":{"line":194,"column":22}},"loc":{"start":{"line":194,"column":29},"end":{"line":200,"column":1}},"line":194},"15":{"name":"listNextFiveEvents","decl":{"start":{"line":208,"column":9},"end":{"line":208,"column":27}},"loc":{"start":{"line":208,"column":54},"end":{"line":217,"column":1}},"line":208},"16":{"name":"(anonymous_16)","decl":{"start":{"line":211,"column":39},"end":{"line":211,"column":40}},"loc":{"start":{"line":211,"column":53},"end":{"line":216,"column":3}},"line":211},"17":{"name":"listMorningEvents","decl":{"start":{"line":225,"column":9},"end":{"line":225,"column":26}},"loc":{"start":{"line":225,"column":53},"end":{"line":234,"column":1}},"line":225},"18":{"name":"(anonymous_18)","decl":{"start":{"line":228,"column":38},"end":{"line":228,"column":39}},"loc":{"start":{"line":228,"column":52},"end":{"line":233,"column":3}},"line":228},"19":{"name":"listDayEvents","decl":{"start":{"line":242,"column":9},"end":{"line":242,"column":22}},"loc":{"start":{"line":242,"column":49},"end":{"line":252,"column":1}},"line":242},"20":{"name":"(anonymous_20)","decl":{"start":{"line":246,"column":34},"end":{"line":246,"column":35}},"loc":{"start":{"line":246,"column":48},"end":{"line":251,"column":3}},"line":246},"21":{"name":"listWeekEvents","decl":{"start":{"line":260,"column":9},"end":{"line":260,"column":23}},"loc":{"start":{"line":260,"column":50},"end":{"line":269,"column":1}},"line":260},"22":{"name":"(anonymous_22)","decl":{"start":{"line":263,"column":35},"end":{"line":263,"column":36}},"loc":{"start":{"line":263,"column":49},"end":{"line":268,"column":3}},"line":263},"23":{"name":"listFreeTime","decl":{"start":{"line":277,"column":9},"end":{"line":277,"column":21}},"loc":{"start":{"line":277,"column":48},"end":{"line":287,"column":1}},"line":277},"24":{"name":"(anonymous_24)","decl":{"start":{"line":281,"column":34},"end":{"line":281,"column":35}},"loc":{"start":{"line":281,"column":48},"end":{"line":286,"column":3}},"line":281},"25":{"name":"getCurrentDate","decl":{"start":{"line":293,"column":9},"end":{"line":293,"column":23}},"loc":{"start":{"line":293,"column":26},"end":{"line":298,"column":1}},"line":293},"26":{"name":"getDaysAwayDate","decl":{"start":{"line":305,"column":9},"end":{"line":305,"column":24}},"loc":{"start":{"line":305,"column":31},"end":{"line":311,"column":1}},"line":305},"27":{"name":"dateAppendZero","decl":{"start":{"line":318,"column":9},"end":{"line":318,"column":23}},"loc":{"start":{"line":318,"column":34},"end":{"line":323,"column":1}},"line":318},"28":{"name":"parseTimeOfEvent","decl":{"start":{"line":330,"column":9},"end":{"line":330,"column":25}},"loc":{"start":{"line":330,"column":32},"end":{"line":345,"column":1}},"line":330},"29":{"name":"parseWeekdayOfEvent","decl":{"start":{"line":352,"column":9},"end":{"line":352,"column":28}},"loc":{"start":{"line":352,"column":36},"end":{"line":354,"column":1}},"line":352},"30":{"name":"parseMonthOfEvent","decl":{"start":{"line":361,"column":9},"end":{"line":361,"column":26}},"loc":{"start":{"line":361,"column":34},"end":{"line":363,"column":1}},"line":361},"31":{"name":"eventsToString","decl":{"start":{"line":370,"column":9},"end":{"line":370,"column":23}},"loc":{"start":{"line":370,"column":32},"end":{"line":389,"column":1}},"line":370},"32":{"name":"(anonymous_32)","decl":{"start":{"line":374,"column":15},"end":{"line":374,"column":16}},"loc":{"start":{"line":374,"column":29},"end":{"line":383,"column":5}},"line":374},"33":{"name":"freeTimeToString","decl":{"start":{"line":396,"column":9},"end":{"line":396,"column":25}},"loc":{"start":{"line":396,"column":34},"end":{"line":421,"column":1}},"line":396},"34":{"name":"(anonymous_34)","decl":{"start":{"line":400,"column":15},"end":{"line":400,"column":16}},"loc":{"start":{"line":400,"column":29},"end":{"line":415,"column":5}},"line":400},"35":{"name":"eventRecipientToString","decl":{"start":{"line":430,"column":9},"end":{"line":430,"column":31}},"loc":{"start":{"line":430,"column":70},"end":{"line":453,"column":1}},"line":430}},"branchMap":{"0":{"loc":{"start":{"line":66,"column":2},"end":{"line":66,"column":38}},"type":"if","locations":[{"start":{"line":66,"column":2},"end":{"line":66,"column":38}},{"start":{"line":66,"column":2},"end":{"line":66,"column":38}}],"line":66},"1":{"loc":{"start":{"line":77,"column":2},"end":{"line":104,"column":3}},"type":"if","locations":[{"start":{"line":77,"column":2},"end":{"line":104,"column":3}},{"start":{"line":77,"column":2},"end":{"line":104,"column":3}}],"line":77},"2":{"loc":{"start":{"line":79,"column":9},"end":{"line":104,"column":3}},"type":"if","locations":[{"start":{"line":79,"column":9},"end":{"line":104,"column":3}},{"start":{"line":79,"column":9},"end":{"line":104,"column":3}}],"line":79},"3":{"loc":{"start":{"line":81,"column":9},"end":{"line":104,"column":3}},"type":"if","locations":[{"start":{"line":81,"column":9},"end":{"line":104,"column":3}},{"start":{"line":81,"column":9},"end":{"line":104,"column":3}}],"line":81},"4":{"loc":{"start":{"line":83,"column":9},"end":{"line":104,"column":3}},"type":"if","locations":[{"start":{"line":83,"column":9},"end":{"line":104,"column":3}},{"start":{"line":83,"column":9},"end":{"line":104,"column":3}}],"line":83},"5":{"loc":{"start":{"line":85,"column":9},"end":{"line":104,"column":3}},"type":"if","locations":[{"start":{"line":85,"column":9},"end":{"line":104,"column":3}},{"start":{"line":85,"column":9},"end":{"line":104,"column":3}}],"line":85},"6":{"loc":{"start":{"line":87,"column":9},"end":{"line":104,"column":3}},"type":"if","locations":[{"start":{"line":87,"column":9},"end":{"line":104,"column":3}},{"start":{"line":87,"column":9},"end":{"line":104,"column":3}}],"line":87},"7":{"loc":{"start":{"line":89,"column":9},"end":{"line":104,"column":3}},"type":"if","locations":[{"start":{"line":89,"column":9},"end":{"line":104,"column":3}},{"start":{"line":89,"column":9},"end":{"line":104,"column":3}}],"line":89},"8":{"loc":{"start":{"line":92,"column":9},"end":{"line":104,"column":3}},"type":"if","locations":[{"start":{"line":92,"column":9},"end":{"line":104,"column":3}},{"start":{"line":92,"column":9},"end":{"line":104,"column":3}}],"line":92},"9":{"loc":{"start":{"line":94,"column":10},"end":{"line":104,"column":3}},"type":"if","locations":[{"start":{"line":94,"column":10},"end":{"line":104,"column":3}},{"start":{"line":94,"column":10},"end":{"line":104,"column":3}}],"line":94},"10":{"loc":{"start":{"line":96,"column":9},"end":{"line":104,"column":3}},"type":"if","locations":[{"start":{"line":96,"column":9},"end":{"line":104,"column":3}},{"start":{"line":96,"column":9},"end":{"line":104,"column":3}}],"line":96},"11":{"loc":{"start":{"line":98,"column":9},"end":{"line":104,"column":3}},"type":"if","locations":[{"start":{"line":98,"column":9},"end":{"line":104,"column":3}},{"start":{"line":98,"column":9},"end":{"line":104,"column":3}}],"line":98},"12":{"loc":{"start":{"line":100,"column":9},"end":{"line":104,"column":3}},"type":"if","locations":[{"start":{"line":100,"column":9},"end":{"line":104,"column":3}},{"start":{"line":100,"column":9},"end":{"line":104,"column":3}}],"line":100},"13":{"loc":{"start":{"line":126,"column":4},"end":{"line":126,"column":74}},"type":"if","locations":[{"start":{"line":126,"column":4},"end":{"line":126,"column":74}},{"start":{"line":126,"column":4},"end":{"line":126,"column":74}}],"line":126},"14":{"loc":{"start":{"line":133,"column":6},"end":{"line":133,"column":74}},"type":"if","locations":[{"start":{"line":133,"column":6},"end":{"line":133,"column":74}},{"start":{"line":133,"column":6},"end":{"line":133,"column":74}}],"line":133},"15":{"loc":{"start":{"line":137,"column":8},"end":{"line":137,"column":43}},"type":"if","locations":[{"start":{"line":137,"column":8},"end":{"line":137,"column":43}},{"start":{"line":137,"column":8},"end":{"line":137,"column":43}}],"line":137},"16":{"loc":{"start":{"line":152,"column":4},"end":{"line":152,"column":74}},"type":"if","locations":[{"start":{"line":152,"column":4},"end":{"line":152,"column":74}},{"start":{"line":152,"column":4},"end":{"line":152,"column":74}}],"line":152},"17":{"loc":{"start":{"line":171,"column":4},"end":{"line":171,"column":73}},"type":"if","locations":[{"start":{"line":171,"column":4},"end":{"line":171,"column":73}},{"start":{"line":171,"column":4},"end":{"line":171,"column":73}}],"line":171},"18":{"loc":{"start":{"line":196,"column":4},"end":{"line":198,"column":5}},"type":"if","locations":[{"start":{"line":196,"column":4},"end":{"line":198,"column":5}},{"start":{"line":196,"column":4},"end":{"line":198,"column":5}}],"line":196},"19":{"loc":{"start":{"line":212,"column":4},"end":{"line":212,"column":69}},"type":"if","locations":[{"start":{"line":212,"column":4},"end":{"line":212,"column":69}},{"start":{"line":212,"column":4},"end":{"line":212,"column":69}}],"line":212},"20":{"loc":{"start":{"line":229,"column":4},"end":{"line":229,"column":69}},"type":"if","locations":[{"start":{"line":229,"column":4},"end":{"line":229,"column":69}},{"start":{"line":229,"column":4},"end":{"line":229,"column":69}}],"line":229},"21":{"loc":{"start":{"line":247,"column":4},"end":{"line":247,"column":69}},"type":"if","locations":[{"start":{"line":247,"column":4},"end":{"line":247,"column":69}},{"start":{"line":247,"column":4},"end":{"line":247,"column":69}}],"line":247},"22":{"loc":{"start":{"line":264,"column":4},"end":{"line":264,"column":69}},"type":"if","locations":[{"start":{"line":264,"column":4},"end":{"line":264,"column":69}},{"start":{"line":264,"column":4},"end":{"line":264,"column":69}}],"line":264},"23":{"loc":{"start":{"line":282,"column":4},"end":{"line":282,"column":69}},"type":"if","locations":[{"start":{"line":282,"column":4},"end":{"line":282,"column":69}},{"start":{"line":282,"column":4},"end":{"line":282,"column":69}}],"line":282},"24":{"loc":{"start":{"line":319,"column":2},"end":{"line":321,"column":3}},"type":"if","locations":[{"start":{"line":319,"column":2},"end":{"line":321,"column":3}},{"start":{"line":319,"column":2},"end":{"line":321,"column":3}}],"line":319},"25":{"loc":{"start":{"line":335,"column":2},"end":{"line":339,"column":3}},"type":"if","locations":[{"start":{"line":335,"column":2},"end":{"line":339,"column":3}},{"start":{"line":335,"column":2},"end":{"line":339,"column":3}}],"line":335},"26":{"loc":{"start":{"line":340,"column":10},"end":{"line":340,"column":28}},"type":"binary-expr","locations":[{"start":{"line":340,"column":11},"end":{"line":340,"column":21}},{"start":{"line":340,"column":26},"end":{"line":340,"column":28}}],"line":340},"27":{"loc":{"start":{"line":371,"column":2},"end":{"line":388,"column":3}},"type":"if","locations":[{"start":{"line":371,"column":2},"end":{"line":388,"column":3}},{"start":{"line":371,"column":2},"end":{"line":388,"column":3}}],"line":371},"28":{"loc":{"start":{"line":375,"column":20},"end":{"line":375,"column":60}},"type":"binary-expr","locations":[{"start":{"line":375,"column":20},"end":{"line":375,"column":40}},{"start":{"line":375,"column":44},"end":{"line":375,"column":60}}],"line":375},"29":{"loc":{"start":{"line":376,"column":18},"end":{"line":376,"column":54}},"type":"binary-expr","locations":[{"start":{"line":376,"column":18},"end":{"line":376,"column":36}},{"start":{"line":376,"column":40},"end":{"line":376,"column":54}}],"line":376},"30":{"loc":{"start":{"line":378,"column":6},"end":{"line":381,"column":7}},"type":"if","locations":[{"start":{"line":378,"column":6},"end":{"line":381,"column":7}},{"start":{"line":378,"column":6},"end":{"line":381,"column":7}}],"line":378},"31":{"loc":{"start":{"line":397,"column":2},"end":{"line":420,"column":3}},"type":"if","locations":[{"start":{"line":397,"column":2},"end":{"line":420,"column":3}},{"start":{"line":397,"column":2},"end":{"line":420,"column":3}}],"line":397},"32":{"loc":{"start":{"line":401,"column":6},"end":{"line":414,"column":7}},"type":"if","locations":[{"start":{"line":401,"column":6},"end":{"line":414,"column":7}},{"start":{"line":401,"column":6},"end":{"line":414,"column":7}}],"line":401},"33":{"loc":{"start":{"line":402,"column":22},"end":{"line":402,"column":62}},"type":"binary-expr","locations":[{"start":{"line":402,"column":22},"end":{"line":402,"column":42}},{"start":{"line":402,"column":46},"end":{"line":402,"column":62}}],"line":402},"34":{"loc":{"start":{"line":403,"column":20},"end":{"line":403,"column":56}},"type":"binary-expr","locations":[{"start":{"line":403,"column":20},"end":{"line":403,"column":38}},{"start":{"line":403,"column":42},"end":{"line":403,"column":56}}],"line":403},"35":{"loc":{"start":{"line":405,"column":8},"end":{"line":408,"column":9}},"type":"if","locations":[{"start":{"line":405,"column":8},"end":{"line":408,"column":9}},{"start":{"line":405,"column":8},"end":{"line":408,"column":9}}],"line":405},"36":{"loc":{"start":{"line":411,"column":22},"end":{"line":411,"column":62}},"type":"binary-expr","locations":[{"start":{"line":411,"column":22},"end":{"line":411,"column":42}},{"start":{"line":411,"column":46},"end":{"line":411,"column":62}}],"line":411},"37":{"loc":{"start":{"line":412,"column":20},"end":{"line":412,"column":56}},"type":"binary-expr","locations":[{"start":{"line":412,"column":20},"end":{"line":412,"column":38}},{"start":{"line":412,"column":42},"end":{"line":412,"column":56}}],"line":412},"38":{"loc":{"start":{"line":430,"column":52},"end":{"line":430,"column":68}},"type":"default-arg","locations":[{"start":{"line":430,"column":64},"end":{"line":430,"column":68}}],"line":430},"39":{"loc":{"start":{"line":432,"column":2},"end":{"line":436,"column":3}},"type":"if","locations":[{"start":{"line":432,"column":2},"end":{"line":436,"column":3}},{"start":{"line":432,"column":2},"end":{"line":436,"column":3}}],"line":432},"40":{"loc":{"start":{"line":438,"column":2},"end":{"line":450,"column":3}},"type":"if","locations":[{"start":{"line":438,"column":2},"end":{"line":450,"column":3}},{"start":{"line":438,"column":2},"end":{"line":450,"column":3}}],"line":438},"41":{"loc":{"start":{"line":440,"column":9},"end":{"line":450,"column":3}},"type":"if","locations":[{"start":{"line":440,"column":9},"end":{"line":450,"column":3}},{"start":{"line":440,"column":9},"end":{"line":450,"column":3}}],"line":440},"42":{"loc":{"start":{"line":442,"column":9},"end":{"line":450,"column":3}},"type":"if","locations":[{"start":{"line":442,"column":9},"end":{"line":450,"column":3}},{"start":{"line":442,"column":9},"end":{"line":450,"column":3}}],"line":442},"43":{"loc":{"start":{"line":444,"column":9},"end":{"line":450,"column":3}},"type":"if","locations":[{"start":{"line":444,"column":9},"end":{"line":450,"column":3}},{"start":{"line":444,"column":9},"end":{"line":450,"column":3}}],"line":444},"44":{"loc":{"start":{"line":446,"column":9},"end":{"line":450,"column":3}},"type":"if","locations":[{"start":{"line":446,"column":9},"end":{"line":450,"column":3}},{"start":{"line":446,"column":9},"end":{"line":450,"column":3}}],"line":446}},"s":{"0":1,"1":1,"2":1,"3":1,"4":1,"5":1,"6":1,"7":1,"8":1,"9":1,"10":1,"11":1,"12":1,"13":1,"14":0,"15":1,"16":0,"17":0,"18":0,"19":1,"20":1,"21":1,"22":0,"23":1,"24":0,"25":1,"26":0,"27":1,"28":0,"29":1,"30":0,"31":1,"32":0,"33":1,"34":0,"35":0,"36":1,"37":0,"38":1,"39":0,"40":1,"41":0,"42":1,"43":0,"44":1,"45":0,"46":1,"47":1,"48":1,"49":1,"50":0,"51":0,"52":0,"53":0,"54":0,"55":0,"56":0,"57":0,"58":0,"59":0,"60":0,"61":0,"62":0,"63":0,"64":0,"65":0,"66":0,"67":0,"68":0,"69":0,"70":0,"71":0,"72":0,"73":0,"74":0,"75":0,"76":0,"77":0,"78":0,"79":0,"80":0,"81":0,"82":0,"83":0,"84":0,"85":0,"86":0,"87":0,"88":0,"89":0,"90":0,"91":0,"92":0,"93":0,"94":0,"95":0,"96":0,"97":0,"98":0,"99":0,"100":0,"101":0,"102":0,"103":0,"104":0,"105":0,"106":0,"107":0,"108":0,"109":0,"110":0,"111":0,"112":0,"113":0,"114":0,"115":0,"116":0,"117":0,"118":0,"119":0,"120":0,"121":0,"122":6,"123":6,"124":6,"125":6,"126":2,"127":2,"128":2,"129":2,"130":2,"131":125,"132":49,"133":125,"134":54,"135":54,"136":54,"137":54,"138":23,"139":31,"140":54,"141":54,"142":54,"143":54,"144":21,"145":21,"146":14,"147":13,"148":13,"149":13,"150":20,"151":20,"152":20,"153":20,"154":16,"155":16,"156":20,"157":13,"158":1,"159":1,"160":6,"161":4,"162":4,"163":4,"164":6,"165":4,"166":4,"167":4,"168":4,"169":4,"170":4,"171":4,"172":2,"173":2,"174":2,"175":4,"176":4,"177":2,"178":17,"179":17,"180":9,"181":8,"182":17,"183":6,"184":11,"185":4,"186":7,"187":4,"188":3,"189":0,"190":3,"191":3,"192":0,"193":17,"194":1},"f":{"0":0,"1":0,"2":0,"3":1,"4":1,"5":0,"6":0,"7":0,"8":0,"9":0,"10":0,"11":0,"12":0,"13":0,"14":0,"15":0,"16":0,"17":0,"18":0,"19":0,"20":0,"21":0,"22":0,"23":0,"24":0,"25":6,"26":2,"27":125,"28":54,"29":21,"30":21,"31":14,"32":20,"33":6,"34":6,"35":17},"b":{"0":[0,0],"1":[0,1],"2":[0,1],"3":[0,1],"4":[0,1],"5":[0,1],"6":[0,1],"7":[0,1],"8":[0,1],"9":[0,1],"10":[0,1],"11":[0,1],"12":[0,1],"13":[0,0],"14":[0,0],"15":[0,0],"16":[0,0],"17":[0,0],"18":[0,0],"19":[0,0],"20":[0,0],"21":[0,0],"22":[0,0],"23":[0,0],"24":[49,76],"25":[23,31],"26":[54,12],"27":[13,1],"28":[20,0],"29":[20,0],"30":[16,4],"31":[4,2],"32":[4,2],"33":[4,0],"34":[4,0],"35":[4,0],"36":[2,0],"37":[2,0],"38":[0],"39":[9,8],"40":[6,11],"41":[4,7],"42":[4,3],"43":[0,3],"44":[3,0]},"_coverageSchema":"43e27e138ebf9cfc5966b082cf9a028302ed4184","hash":"00b8c55579a7cf64f1e0bb2f9fc608eb148fb090"}
}
