{"C:\\Users\\gpadm\\Documents\\Homework\\CIS3760\\botazo-calendar\\index.js": {"path":"C:\\Users\\gpadm\\Documents\\Homework\\CIS3760\\botazo-calendar\\index.js","statementMap":{"0":{"start":{"line":1,"column":17},"end":{"line":1,"column":37}},"1":{"start":{"line":3,"column":11},"end":{"line":3,"column":24}},"2":{"start":{"line":4,"column":17},"end":{"line":4,"column":38}},"3":{"start":{"line":6,"column":15},"end":{"line":6,"column":68}},"4":{"start":{"line":9,"column":12},"end":{"line":12,"column":2}},"5":{"start":{"line":15,"column":0},"end":{"line":15,"column":26}},"6":{"start":{"line":18,"column":0},"end":{"line":18,"column":43}},"7":{"start":{"line":18,"column":25},"end":{"line":18,"column":41}},"8":{"start":{"line":21,"column":0},"end":{"line":26,"column":3}},"9":{"start":{"line":22,"column":2},"end":{"line":24,"column":3}},"10":{"start":{"line":23,"column":4},"end":{"line":23,"column":11}},"11":{"start":{"line":25,"column":2},"end":{"line":25,"column":22}},"12":{"start":{"line":33,"column":18},"end":{"line":33,"column":27}},"13":{"start":{"line":34,"column":15},"end":{"line":34,"column":24}},"14":{"start":{"line":35,"column":2},"end":{"line":70,"column":5}},"15":{"start":{"line":36,"column":4},"end":{"line":36,"column":47}},"16":{"start":{"line":37,"column":9},"end":{"line":70,"column":5}},"17":{"start":{"line":38,"column":17},"end":{"line":38,"column":44}},"18":{"start":{"line":39,"column":4},"end":{"line":39,"column":47}},"19":{"start":{"line":40,"column":9},"end":{"line":70,"column":5}},"20":{"start":{"line":41,"column":4},"end":{"line":41,"column":48}},"21":{"start":{"line":42,"column":9},"end":{"line":70,"column":5}},"22":{"start":{"line":43,"column":17},"end":{"line":43,"column":44}},"23":{"start":{"line":44,"column":4},"end":{"line":44,"column":48}},"24":{"start":{"line":45,"column":9},"end":{"line":70,"column":5}},"25":{"start":{"line":46,"column":4},"end":{"line":46,"column":51}},"26":{"start":{"line":47,"column":9},"end":{"line":70,"column":5}},"27":{"start":{"line":48,"column":17},"end":{"line":48,"column":44}},"28":{"start":{"line":49,"column":4},"end":{"line":49,"column":51}},"29":{"start":{"line":50,"column":9},"end":{"line":70,"column":5}},"30":{"start":{"line":51,"column":4},"end":{"line":51,"column":22}},"31":{"start":{"line":52,"column":9},"end":{"line":70,"column":5}},"32":{"start":{"line":53,"column":4},"end":{"line":53,"column":52}},"33":{"start":{"line":54,"column":10},"end":{"line":70,"column":5}},"34":{"start":{"line":55,"column":4},"end":{"line":55,"column":46}},"35":{"start":{"line":56,"column":9},"end":{"line":70,"column":5}},"36":{"start":{"line":57,"column":17},"end":{"line":57,"column":44}},"37":{"start":{"line":58,"column":4},"end":{"line":58,"column":46}},"38":{"start":{"line":59,"column":9},"end":{"line":70,"column":5}},"39":{"start":{"line":60,"column":4},"end":{"line":60,"column":53}},"40":{"start":{"line":61,"column":11},"end":{"line":70,"column":5}},"41":{"start":{"line":62,"column":18},"end":{"line":62,"column":36}},"42":{"start":{"line":64,"column":20},"end":{"line":64,"column":59}},"43":{"start":{"line":65,"column":20},"end":{"line":65,"column":59}},"44":{"start":{"line":66,"column":8},"end":{"line":66,"column":30}},"45":{"start":{"line":67,"column":9},"end":{"line":70,"column":5}},"46":{"start":{"line":68,"column":21},"end":{"line":68,"column":40}},"47":{"start":{"line":69,"column":4},"end":{"line":69,"column":85}},"48":{"start":{"line":79,"column":13},"end":{"line":79,"column":41}},"49":{"start":{"line":80,"column":2},"end":{"line":80,"column":41}},"50":{"start":{"line":81,"column":2},"end":{"line":81,"column":14}},"51":{"start":{"line":89,"column":19},"end":{"line":89,"column":38}},"52":{"start":{"line":90,"column":2},"end":{"line":98,"column":97}},"53":{"start":{"line":108,"column":2},"end":{"line":124,"column":5}},"54":{"start":{"line":109,"column":4},"end":{"line":109,"column":74}},"55":{"start":{"line":109,"column":13},"end":{"line":109,"column":74}},"56":{"start":{"line":110,"column":24},"end":{"line":110,"column":43}},"57":{"start":{"line":111,"column":54},"end":{"line":111,"column":75}},"58":{"start":{"line":112,"column":25},"end":{"line":112,"column":91}},"59":{"start":{"line":114,"column":21},"end":{"line":114,"column":40}},"60":{"start":{"line":115,"column":4},"end":{"line":123,"column":7}},"61":{"start":{"line":116,"column":6},"end":{"line":116,"column":74}},"62":{"start":{"line":116,"column":15},"end":{"line":116,"column":74}},"63":{"start":{"line":117,"column":6},"end":{"line":117,"column":41}},"64":{"start":{"line":119,"column":6},"end":{"line":122,"column":9}},"65":{"start":{"line":120,"column":8},"end":{"line":120,"column":43}},"66":{"start":{"line":120,"column":17},"end":{"line":120,"column":43}},"67":{"start":{"line":121,"column":8},"end":{"line":121,"column":125}},"68":{"start":{"line":134,"column":2},"end":{"line":138,"column":5}},"69":{"start":{"line":135,"column":4},"end":{"line":135,"column":74}},"70":{"start":{"line":135,"column":13},"end":{"line":135,"column":74}},"71":{"start":{"line":137,"column":4},"end":{"line":137,"column":73}},"72":{"start":{"line":149,"column":52},"end":{"line":149,"column":73}},"73":{"start":{"line":150,"column":23},"end":{"line":150,"column":89}},"74":{"start":{"line":153,"column":2},"end":{"line":157,"column":5}},"75":{"start":{"line":154,"column":4},"end":{"line":154,"column":73}},"76":{"start":{"line":154,"column":13},"end":{"line":154,"column":73}},"77":{"start":{"line":155,"column":4},"end":{"line":155,"column":51}},"78":{"start":{"line":156,"column":4},"end":{"line":156,"column":55}},"79":{"start":{"line":167,"column":18},"end":{"line":170,"column":4}},"80":{"start":{"line":172,"column":19},"end":{"line":172,"column":38}},"81":{"start":{"line":174,"column":2},"end":{"line":174,"column":172}},"82":{"start":{"line":183,"column":2},"end":{"line":187,"column":3}},"83":{"start":{"line":184,"column":4},"end":{"line":186,"column":5}},"84":{"start":{"line":185,"column":6},"end":{"line":185,"column":53}},"85":{"start":{"line":197,"column":23},"end":{"line":197,"column":46}},"86":{"start":{"line":198,"column":19},"end":{"line":198,"column":57}},"87":{"start":{"line":199,"column":2},"end":{"line":211,"column":5}},"88":{"start":{"line":206,"column":4},"end":{"line":206,"column":69}},"89":{"start":{"line":206,"column":13},"end":{"line":206,"column":69}},"90":{"start":{"line":207,"column":19},"end":{"line":207,"column":33}},"91":{"start":{"line":208,"column":20},"end":{"line":208,"column":70}},"92":{"start":{"line":209,"column":4},"end":{"line":209,"column":50}},"93":{"start":{"line":210,"column":4},"end":{"line":210,"column":51}},"94":{"start":{"line":221,"column":23},"end":{"line":221,"column":46}},"95":{"start":{"line":222,"column":19},"end":{"line":222,"column":57}},"96":{"start":{"line":223,"column":2},"end":{"line":235,"column":5}},"97":{"start":{"line":230,"column":4},"end":{"line":230,"column":69}},"98":{"start":{"line":230,"column":13},"end":{"line":230,"column":69}},"99":{"start":{"line":231,"column":19},"end":{"line":231,"column":33}},"100":{"start":{"line":232,"column":20},"end":{"line":232,"column":73}},"101":{"start":{"line":233,"column":4},"end":{"line":233,"column":50}},"102":{"start":{"line":234,"column":4},"end":{"line":234,"column":51}},"103":{"start":{"line":246,"column":23},"end":{"line":246,"column":46}},"104":{"start":{"line":247,"column":19},"end":{"line":247,"column":57}},"105":{"start":{"line":248,"column":2},"end":{"line":260,"column":5}},"106":{"start":{"line":255,"column":4},"end":{"line":255,"column":69}},"107":{"start":{"line":255,"column":13},"end":{"line":255,"column":69}},"108":{"start":{"line":256,"column":19},"end":{"line":256,"column":33}},"109":{"start":{"line":257,"column":20},"end":{"line":257,"column":71}},"110":{"start":{"line":258,"column":4},"end":{"line":258,"column":50}},"111":{"start":{"line":259,"column":4},"end":{"line":259,"column":51}},"112":{"start":{"line":270,"column":23},"end":{"line":270,"column":46}},"113":{"start":{"line":271,"column":19},"end":{"line":271,"column":57}},"114":{"start":{"line":272,"column":2},"end":{"line":284,"column":5}},"115":{"start":{"line":279,"column":4},"end":{"line":279,"column":69}},"116":{"start":{"line":279,"column":13},"end":{"line":279,"column":69}},"117":{"start":{"line":280,"column":19},"end":{"line":280,"column":33}},"118":{"start":{"line":281,"column":20},"end":{"line":281,"column":70}},"119":{"start":{"line":282,"column":4},"end":{"line":282,"column":50}},"120":{"start":{"line":283,"column":4},"end":{"line":283,"column":51}},"121":{"start":{"line":293,"column":4},"end":{"line":307,"column":7}},"122":{"start":{"line":294,"column":8},"end":{"line":294,"column":78}},"123":{"start":{"line":294,"column":17},"end":{"line":294,"column":78}},"124":{"start":{"line":296,"column":58},"end":{"line":296,"column":89}},"125":{"start":{"line":297,"column":32},"end":{"line":297,"column":98}},"126":{"start":{"line":298,"column":32},"end":{"line":298,"column":98}},"127":{"start":{"line":299,"column":8},"end":{"line":302,"column":11}},"128":{"start":{"line":300,"column":10},"end":{"line":300,"column":26}},"129":{"start":{"line":300,"column":19},"end":{"line":300,"column":26}},"130":{"start":{"line":301,"column":10},"end":{"line":301,"column":60}},"131":{"start":{"line":303,"column":8},"end":{"line":306,"column":11}},"132":{"start":{"line":304,"column":10},"end":{"line":304,"column":26}},"133":{"start":{"line":304,"column":19},"end":{"line":304,"column":26}},"134":{"start":{"line":305,"column":10},"end":{"line":305,"column":60}},"135":{"start":{"line":318,"column":23},"end":{"line":318,"column":46}},"136":{"start":{"line":319,"column":19},"end":{"line":319,"column":57}},"137":{"start":{"line":320,"column":2},"end":{"line":332,"column":5}},"138":{"start":{"line":327,"column":4},"end":{"line":327,"column":69}},"139":{"start":{"line":327,"column":13},"end":{"line":327,"column":69}},"140":{"start":{"line":328,"column":19},"end":{"line":328,"column":33}},"141":{"start":{"line":329,"column":20},"end":{"line":329,"column":70}},"142":{"start":{"line":330,"column":4},"end":{"line":330,"column":52}},"143":{"start":{"line":331,"column":4},"end":{"line":331,"column":51}},"144":{"start":{"line":340,"column":13},"end":{"line":340,"column":15}},"145":{"start":{"line":341,"column":14},"end":{"line":341,"column":24}},"146":{"start":{"line":342,"column":2},"end":{"line":342,"column":108}},"147":{"start":{"line":343,"column":2},"end":{"line":343,"column":14}},"148":{"start":{"line":352,"column":13},"end":{"line":352,"column":15}},"149":{"start":{"line":353,"column":14},"end":{"line":353,"column":24}},"150":{"start":{"line":354,"column":2},"end":{"line":354,"column":36}},"151":{"start":{"line":355,"column":2},"end":{"line":355,"column":108}},"152":{"start":{"line":356,"column":2},"end":{"line":356,"column":14}},"153":{"start":{"line":365,"column":2},"end":{"line":367,"column":3}},"154":{"start":{"line":366,"column":4},"end":{"line":366,"column":30}},"155":{"start":{"line":368,"column":2},"end":{"line":368,"column":18}},"156":{"start":{"line":377,"column":13},"end":{"line":377,"column":27}},"157":{"start":{"line":378,"column":14},"end":{"line":378,"column":29}},"158":{"start":{"line":380,"column":13},"end":{"line":380,"column":15}},"159":{"start":{"line":381,"column":2},"end":{"line":385,"column":3}},"160":{"start":{"line":382,"column":4},"end":{"line":382,"column":17}},"161":{"start":{"line":384,"column":4},"end":{"line":384,"column":17}},"162":{"start":{"line":386,"column":2},"end":{"line":386,"column":29}},"163":{"start":{"line":388,"column":15},"end":{"line":388,"column":32}},"164":{"start":{"line":389,"column":2},"end":{"line":389,"column":89}},"165":{"start":{"line":390,"column":2},"end":{"line":390,"column":14}},"166":{"start":{"line":399,"column":21},"end":{"line":399,"column":73}},"167":{"start":{"line":400,"column":2},"end":{"line":400,"column":27}},"168":{"start":{"line":409,"column":22},"end":{"line":409,"column":144}},"169":{"start":{"line":410,"column":2},"end":{"line":410,"column":28}},"170":{"start":{"line":419,"column":2},"end":{"line":436,"column":3}},"171":{"start":{"line":420,"column":22},"end":{"line":420,"column":24}},"172":{"start":{"line":421,"column":21},"end":{"line":421,"column":23}},"173":{"start":{"line":422,"column":4},"end":{"line":431,"column":7}},"174":{"start":{"line":423,"column":20},"end":{"line":423,"column":60}},"175":{"start":{"line":424,"column":18},"end":{"line":424,"column":54}},"176":{"start":{"line":425,"column":18},"end":{"line":425,"column":33}},"177":{"start":{"line":426,"column":6},"end":{"line":429,"column":7}},"178":{"start":{"line":427,"column":8},"end":{"line":427,"column":120}},"179":{"start":{"line":428,"column":8},"end":{"line":428,"column":34}},"180":{"start":{"line":430,"column":6},"end":{"line":430,"column":101}},"181":{"start":{"line":432,"column":4},"end":{"line":432,"column":23}},"182":{"start":{"line":434,"column":4},"end":{"line":434,"column":40}},"183":{"start":{"line":435,"column":4},"end":{"line":435,"column":23}},"184":{"start":{"line":445,"column":2},"end":{"line":468,"column":3}},"185":{"start":{"line":446,"column":22},"end":{"line":446,"column":24}},"186":{"start":{"line":447,"column":21},"end":{"line":447,"column":23}},"187":{"start":{"line":448,"column":4},"end":{"line":463,"column":7}},"188":{"start":{"line":449,"column":6},"end":{"line":462,"column":7}},"189":{"start":{"line":450,"column":22},"end":{"line":450,"column":62}},"190":{"start":{"line":451,"column":20},"end":{"line":451,"column":56}},"191":{"start":{"line":452,"column":20},"end":{"line":452,"column":35}},"192":{"start":{"line":453,"column":8},"end":{"line":456,"column":9}},"193":{"start":{"line":454,"column":10},"end":{"line":454,"column":122}},"194":{"start":{"line":455,"column":10},"end":{"line":455,"column":36}},"195":{"start":{"line":457,"column":8},"end":{"line":457,"column":100}},"196":{"start":{"line":459,"column":22},"end":{"line":459,"column":62}},"197":{"start":{"line":460,"column":20},"end":{"line":460,"column":56}},"198":{"start":{"line":461,"column":8},"end":{"line":461,"column":85}},"199":{"start":{"line":464,"column":4},"end":{"line":464,"column":29}},"200":{"start":{"line":465,"column":4},"end":{"line":465,"column":23}},"201":{"start":{"line":467,"column":4},"end":{"line":467,"column":39}},"202":{"start":{"line":479,"column":19},"end":{"line":479,"column":21}},"203":{"start":{"line":480,"column":2},"end":{"line":484,"column":3}},"204":{"start":{"line":481,"column":4},"end":{"line":481,"column":25}},"205":{"start":{"line":483,"column":4},"end":{"line":483,"column":40}},"206":{"start":{"line":486,"column":2},"end":{"line":498,"column":3}},"207":{"start":{"line":487,"column":4},"end":{"line":487,"column":43}},"208":{"start":{"line":488,"column":9},"end":{"line":498,"column":3}},"209":{"start":{"line":489,"column":4},"end":{"line":489,"column":42}},"210":{"start":{"line":490,"column":9},"end":{"line":498,"column":3}},"211":{"start":{"line":491,"column":4},"end":{"line":491,"column":45}},"212":{"start":{"line":492,"column":9},"end":{"line":498,"column":3}},"213":{"start":{"line":493,"column":4},"end":{"line":493,"column":40}},"214":{"start":{"line":494,"column":9},"end":{"line":498,"column":3}},"215":{"start":{"line":495,"column":4},"end":{"line":495,"column":49}},"216":{"start":{"line":497,"column":4},"end":{"line":497,"column":32}},"217":{"start":{"line":500,"column":2},"end":{"line":500,"column":20}},"218":{"start":{"line":503,"column":0},"end":{"line":514,"column":2}}},"fnMap":{"0":{"name":"(anonymous_0)","decl":{"start":{"line":15,"column":16},"end":{"line":15,"column":17}},"loc":{"start":{"line":15,"column":22},"end":{"line":15,"column":24}},"line":15},"1":{"name":"(anonymous_1)","decl":{"start":{"line":18,"column":16},"end":{"line":18,"column":17}},"loc":{"start":{"line":18,"column":25},"end":{"line":18,"column":41}},"line":18},"2":{"name":"(anonymous_2)","decl":{"start":{"line":21,"column":18},"end":{"line":21,"column":19}},"loc":{"start":{"line":21,"column":28},"end":{"line":26,"column":1}},"line":21},"3":{"name":"handleMessage","decl":{"start":{"line":32,"column":9},"end":{"line":32,"column":22}},"loc":{"start":{"line":32,"column":29},"end":{"line":71,"column":1}},"line":32},"4":{"name":"getUserFromMessage","decl":{"start":{"line":78,"column":9},"end":{"line":78,"column":27}},"loc":{"start":{"line":78,"column":37},"end":{"line":82,"column":1}},"line":78},"5":{"name":"helpMessage","decl":{"start":{"line":88,"column":9},"end":{"line":88,"column":20}},"loc":{"start":{"line":88,"column":27},"end":{"line":99,"column":1}},"line":88},"6":{"name":"storeAuthentication","decl":{"start":{"line":107,"column":9},"end":{"line":107,"column":28}},"loc":{"start":{"line":107,"column":44},"end":{"line":125,"column":1}},"line":107},"7":{"name":"(anonymous_7)","decl":{"start":{"line":108,"column":34},"end":{"line":108,"column":35}},"loc":{"start":{"line":108,"column":52},"end":{"line":124,"column":3}},"line":108},"8":{"name":"(anonymous_8)","decl":{"start":{"line":115,"column":35},"end":{"line":115,"column":36}},"loc":{"start":{"line":115,"column":51},"end":{"line":123,"column":5}},"line":115},"9":{"name":"(anonymous_9)","decl":{"start":{"line":119,"column":64},"end":{"line":119,"column":65}},"loc":{"start":{"line":119,"column":73},"end":{"line":122,"column":7}},"line":119},"10":{"name":"callApiFunction","decl":{"start":{"line":133,"column":9},"end":{"line":133,"column":24}},"loc":{"start":{"line":133,"column":63},"end":{"line":139,"column":1}},"line":133},"11":{"name":"(anonymous_11)","decl":{"start":{"line":134,"column":34},"end":{"line":134,"column":35}},"loc":{"start":{"line":134,"column":52},"end":{"line":138,"column":3}},"line":134},"12":{"name":"authorize","decl":{"start":{"line":148,"column":9},"end":{"line":148,"column":18}},"loc":{"start":{"line":148,"column":70},"end":{"line":158,"column":1}},"line":148},"13":{"name":"(anonymous_13)","decl":{"start":{"line":153,"column":44},"end":{"line":153,"column":45}},"loc":{"start":{"line":153,"column":60},"end":{"line":157,"column":3}},"line":153},"14":{"name":"getAccessToken","decl":{"start":{"line":166,"column":9},"end":{"line":166,"column":23}},"loc":{"start":{"line":166,"column":54},"end":{"line":175,"column":1}},"line":166},"15":{"name":"getNameFromId","decl":{"start":{"line":182,"column":9},"end":{"line":182,"column":22}},"loc":{"start":{"line":182,"column":29},"end":{"line":188,"column":1}},"line":182},"16":{"name":"listNextFiveEvents","decl":{"start":{"line":196,"column":9},"end":{"line":196,"column":27}},"loc":{"start":{"line":196,"column":54},"end":{"line":212,"column":1}},"line":196},"17":{"name":"(anonymous_17)","decl":{"start":{"line":205,"column":5},"end":{"line":205,"column":6}},"loc":{"start":{"line":205,"column":19},"end":{"line":211,"column":3}},"line":205},"18":{"name":"listMorningEvents","decl":{"start":{"line":220,"column":9},"end":{"line":220,"column":26}},"loc":{"start":{"line":220,"column":53},"end":{"line":236,"column":1}},"line":220},"19":{"name":"(anonymous_19)","decl":{"start":{"line":229,"column":5},"end":{"line":229,"column":6}},"loc":{"start":{"line":229,"column":19},"end":{"line":235,"column":3}},"line":229},"20":{"name":"listDayEvents","decl":{"start":{"line":244,"column":9},"end":{"line":244,"column":22}},"loc":{"start":{"line":244,"column":49},"end":{"line":261,"column":1}},"line":244},"21":{"name":"(anonymous_21)","decl":{"start":{"line":254,"column":5},"end":{"line":254,"column":6}},"loc":{"start":{"line":254,"column":19},"end":{"line":260,"column":3}},"line":254},"22":{"name":"listWeekEvents","decl":{"start":{"line":269,"column":9},"end":{"line":269,"column":23}},"loc":{"start":{"line":269,"column":50},"end":{"line":285,"column":1}},"line":269},"23":{"name":"(anonymous_23)","decl":{"start":{"line":278,"column":5},"end":{"line":278,"column":6}},"loc":{"start":{"line":278,"column":19},"end":{"line":284,"column":3}},"line":278},"24":{"name":"bookTime","decl":{"start":{"line":292,"column":9},"end":{"line":292,"column":17}},"loc":{"start":{"line":292,"column":36},"end":{"line":308,"column":1}},"line":292},"25":{"name":"(anonymous_25)","decl":{"start":{"line":293,"column":36},"end":{"line":293,"column":37}},"loc":{"start":{"line":293,"column":54},"end":{"line":307,"column":5}},"line":293},"26":{"name":"(anonymous_26)","decl":{"start":{"line":299,"column":45},"end":{"line":299,"column":46}},"loc":{"start":{"line":299,"column":61},"end":{"line":302,"column":9}},"line":299},"27":{"name":"(anonymous_27)","decl":{"start":{"line":303,"column":45},"end":{"line":303,"column":46}},"loc":{"start":{"line":303,"column":61},"end":{"line":306,"column":9}},"line":303},"28":{"name":"listFreeTime","decl":{"start":{"line":316,"column":9},"end":{"line":316,"column":21}},"loc":{"start":{"line":316,"column":48},"end":{"line":333,"column":1}},"line":316},"29":{"name":"(anonymous_29)","decl":{"start":{"line":326,"column":5},"end":{"line":326,"column":6}},"loc":{"start":{"line":326,"column":19},"end":{"line":332,"column":3}},"line":326},"30":{"name":"getCurrentDate","decl":{"start":{"line":339,"column":9},"end":{"line":339,"column":23}},"loc":{"start":{"line":339,"column":26},"end":{"line":344,"column":1}},"line":339},"31":{"name":"getDaysAwayDate","decl":{"start":{"line":351,"column":9},"end":{"line":351,"column":24}},"loc":{"start":{"line":351,"column":31},"end":{"line":357,"column":1}},"line":351},"32":{"name":"dateAppendZero","decl":{"start":{"line":364,"column":9},"end":{"line":364,"column":23}},"loc":{"start":{"line":364,"column":34},"end":{"line":369,"column":1}},"line":364},"33":{"name":"parseTimeOfEvent","decl":{"start":{"line":376,"column":9},"end":{"line":376,"column":25}},"loc":{"start":{"line":376,"column":32},"end":{"line":391,"column":1}},"line":376},"34":{"name":"parseWeekdayOfEvent","decl":{"start":{"line":398,"column":9},"end":{"line":398,"column":28}},"loc":{"start":{"line":398,"column":36},"end":{"line":401,"column":1}},"line":398},"35":{"name":"parseMonthOfEvent","decl":{"start":{"line":408,"column":9},"end":{"line":408,"column":26}},"loc":{"start":{"line":408,"column":34},"end":{"line":411,"column":1}},"line":408},"36":{"name":"eventsToString","decl":{"start":{"line":418,"column":9},"end":{"line":418,"column":23}},"loc":{"start":{"line":418,"column":32},"end":{"line":437,"column":1}},"line":418},"37":{"name":"(anonymous_37)","decl":{"start":{"line":422,"column":15},"end":{"line":422,"column":16}},"loc":{"start":{"line":422,"column":29},"end":{"line":431,"column":5}},"line":422},"38":{"name":"freeTimeToString","decl":{"start":{"line":444,"column":9},"end":{"line":444,"column":25}},"loc":{"start":{"line":444,"column":34},"end":{"line":469,"column":1}},"line":444},"39":{"name":"(anonymous_39)","decl":{"start":{"line":448,"column":15},"end":{"line":448,"column":16}},"loc":{"start":{"line":448,"column":29},"end":{"line":463,"column":5}},"line":448},"40":{"name":"eventRecipientToString","decl":{"start":{"line":478,"column":9},"end":{"line":478,"column":31}},"loc":{"start":{"line":478,"column":70},"end":{"line":501,"column":1}},"line":478}},"branchMap":{"0":{"loc":{"start":{"line":22,"column":2},"end":{"line":24,"column":3}},"type":"if","locations":[{"start":{"line":22,"column":2},"end":{"line":24,"column":3}},{"start":{"line":22,"column":2},"end":{"line":24,"column":3}}],"line":22},"1":{"loc":{"start":{"line":35,"column":2},"end":{"line":70,"column":5}},"type":"if","locations":[{"start":{"line":35,"column":2},"end":{"line":70,"column":5}},{"start":{"line":35,"column":2},"end":{"line":70,"column":5}}],"line":35},"2":{"loc":{"start":{"line":37,"column":9},"end":{"line":70,"column":5}},"type":"if","locations":[{"start":{"line":37,"column":9},"end":{"line":70,"column":5}},{"start":{"line":37,"column":9},"end":{"line":70,"column":5}}],"line":37},"3":{"loc":{"start":{"line":40,"column":9},"end":{"line":70,"column":5}},"type":"if","locations":[{"start":{"line":40,"column":9},"end":{"line":70,"column":5}},{"start":{"line":40,"column":9},"end":{"line":70,"column":5}}],"line":40},"4":{"loc":{"start":{"line":42,"column":9},"end":{"line":70,"column":5}},"type":"if","locations":[{"start":{"line":42,"column":9},"end":{"line":70,"column":5}},{"start":{"line":42,"column":9},"end":{"line":70,"column":5}}],"line":42},"5":{"loc":{"start":{"line":45,"column":9},"end":{"line":70,"column":5}},"type":"if","locations":[{"start":{"line":45,"column":9},"end":{"line":70,"column":5}},{"start":{"line":45,"column":9},"end":{"line":70,"column":5}}],"line":45},"6":{"loc":{"start":{"line":47,"column":9},"end":{"line":70,"column":5}},"type":"if","locations":[{"start":{"line":47,"column":9},"end":{"line":70,"column":5}},{"start":{"line":47,"column":9},"end":{"line":70,"column":5}}],"line":47},"7":{"loc":{"start":{"line":50,"column":9},"end":{"line":70,"column":5}},"type":"if","locations":[{"start":{"line":50,"column":9},"end":{"line":70,"column":5}},{"start":{"line":50,"column":9},"end":{"line":70,"column":5}}],"line":50},"8":{"loc":{"start":{"line":52,"column":9},"end":{"line":70,"column":5}},"type":"if","locations":[{"start":{"line":52,"column":9},"end":{"line":70,"column":5}},{"start":{"line":52,"column":9},"end":{"line":70,"column":5}}],"line":52},"9":{"loc":{"start":{"line":54,"column":10},"end":{"line":70,"column":5}},"type":"if","locations":[{"start":{"line":54,"column":10},"end":{"line":70,"column":5}},{"start":{"line":54,"column":10},"end":{"line":70,"column":5}}],"line":54},"10":{"loc":{"start":{"line":56,"column":9},"end":{"line":70,"column":5}},"type":"if","locations":[{"start":{"line":56,"column":9},"end":{"line":70,"column":5}},{"start":{"line":56,"column":9},"end":{"line":70,"column":5}}],"line":56},"11":{"loc":{"start":{"line":59,"column":9},"end":{"line":70,"column":5}},"type":"if","locations":[{"start":{"line":59,"column":9},"end":{"line":70,"column":5}},{"start":{"line":59,"column":9},"end":{"line":70,"column":5}}],"line":59},"12":{"loc":{"start":{"line":61,"column":11},"end":{"line":70,"column":5}},"type":"if","locations":[{"start":{"line":61,"column":11},"end":{"line":70,"column":5}},{"start":{"line":61,"column":11},"end":{"line":70,"column":5}}],"line":61},"13":{"loc":{"start":{"line":67,"column":9},"end":{"line":70,"column":5}},"type":"if","locations":[{"start":{"line":67,"column":9},"end":{"line":70,"column":5}},{"start":{"line":67,"column":9},"end":{"line":70,"column":5}}],"line":67},"14":{"loc":{"start":{"line":109,"column":4},"end":{"line":109,"column":74}},"type":"if","locations":[{"start":{"line":109,"column":4},"end":{"line":109,"column":74}},{"start":{"line":109,"column":4},"end":{"line":109,"column":74}}],"line":109},"15":{"loc":{"start":{"line":116,"column":6},"end":{"line":116,"column":74}},"type":"if","locations":[{"start":{"line":116,"column":6},"end":{"line":116,"column":74}},{"start":{"line":116,"column":6},"end":{"line":116,"column":74}}],"line":116},"16":{"loc":{"start":{"line":120,"column":8},"end":{"line":120,"column":43}},"type":"if","locations":[{"start":{"line":120,"column":8},"end":{"line":120,"column":43}},{"start":{"line":120,"column":8},"end":{"line":120,"column":43}}],"line":120},"17":{"loc":{"start":{"line":135,"column":4},"end":{"line":135,"column":74}},"type":"if","locations":[{"start":{"line":135,"column":4},"end":{"line":135,"column":74}},{"start":{"line":135,"column":4},"end":{"line":135,"column":74}}],"line":135},"18":{"loc":{"start":{"line":154,"column":4},"end":{"line":154,"column":73}},"type":"if","locations":[{"start":{"line":154,"column":4},"end":{"line":154,"column":73}},{"start":{"line":154,"column":4},"end":{"line":154,"column":73}}],"line":154},"19":{"loc":{"start":{"line":184,"column":4},"end":{"line":186,"column":5}},"type":"if","locations":[{"start":{"line":184,"column":4},"end":{"line":186,"column":5}},{"start":{"line":184,"column":4},"end":{"line":186,"column":5}}],"line":184},"20":{"loc":{"start":{"line":206,"column":4},"end":{"line":206,"column":69}},"type":"if","locations":[{"start":{"line":206,"column":4},"end":{"line":206,"column":69}},{"start":{"line":206,"column":4},"end":{"line":206,"column":69}}],"line":206},"21":{"loc":{"start":{"line":230,"column":4},"end":{"line":230,"column":69}},"type":"if","locations":[{"start":{"line":230,"column":4},"end":{"line":230,"column":69}},{"start":{"line":230,"column":4},"end":{"line":230,"column":69}}],"line":230},"22":{"loc":{"start":{"line":255,"column":4},"end":{"line":255,"column":69}},"type":"if","locations":[{"start":{"line":255,"column":4},"end":{"line":255,"column":69}},{"start":{"line":255,"column":4},"end":{"line":255,"column":69}}],"line":255},"23":{"loc":{"start":{"line":279,"column":4},"end":{"line":279,"column":69}},"type":"if","locations":[{"start":{"line":279,"column":4},"end":{"line":279,"column":69}},{"start":{"line":279,"column":4},"end":{"line":279,"column":69}}],"line":279},"24":{"loc":{"start":{"line":294,"column":8},"end":{"line":294,"column":78}},"type":"if","locations":[{"start":{"line":294,"column":8},"end":{"line":294,"column":78}},{"start":{"line":294,"column":8},"end":{"line":294,"column":78}}],"line":294},"25":{"loc":{"start":{"line":300,"column":10},"end":{"line":300,"column":26}},"type":"if","locations":[{"start":{"line":300,"column":10},"end":{"line":300,"column":26}},{"start":{"line":300,"column":10},"end":{"line":300,"column":26}}],"line":300},"26":{"loc":{"start":{"line":304,"column":10},"end":{"line":304,"column":26}},"type":"if","locations":[{"start":{"line":304,"column":10},"end":{"line":304,"column":26}},{"start":{"line":304,"column":10},"end":{"line":304,"column":26}}],"line":304},"27":{"loc":{"start":{"line":327,"column":4},"end":{"line":327,"column":69}},"type":"if","locations":[{"start":{"line":327,"column":4},"end":{"line":327,"column":69}},{"start":{"line":327,"column":4},"end":{"line":327,"column":69}}],"line":327},"28":{"loc":{"start":{"line":365,"column":2},"end":{"line":367,"column":3}},"type":"if","locations":[{"start":{"line":365,"column":2},"end":{"line":367,"column":3}},{"start":{"line":365,"column":2},"end":{"line":367,"column":3}}],"line":365},"29":{"loc":{"start":{"line":381,"column":2},"end":{"line":385,"column":3}},"type":"if","locations":[{"start":{"line":381,"column":2},"end":{"line":385,"column":3}},{"start":{"line":381,"column":2},"end":{"line":385,"column":3}}],"line":381},"30":{"loc":{"start":{"line":386,"column":10},"end":{"line":386,"column":28}},"type":"binary-expr","locations":[{"start":{"line":386,"column":11},"end":{"line":386,"column":21}},{"start":{"line":386,"column":26},"end":{"line":386,"column":28}}],"line":386},"31":{"loc":{"start":{"line":419,"column":2},"end":{"line":436,"column":3}},"type":"if","locations":[{"start":{"line":419,"column":2},"end":{"line":436,"column":3}},{"start":{"line":419,"column":2},"end":{"line":436,"column":3}}],"line":419},"32":{"loc":{"start":{"line":423,"column":20},"end":{"line":423,"column":60}},"type":"binary-expr","locations":[{"start":{"line":423,"column":20},"end":{"line":423,"column":40}},{"start":{"line":423,"column":44},"end":{"line":423,"column":60}}],"line":423},"33":{"loc":{"start":{"line":424,"column":18},"end":{"line":424,"column":54}},"type":"binary-expr","locations":[{"start":{"line":424,"column":18},"end":{"line":424,"column":36}},{"start":{"line":424,"column":40},"end":{"line":424,"column":54}}],"line":424},"34":{"loc":{"start":{"line":426,"column":6},"end":{"line":429,"column":7}},"type":"if","locations":[{"start":{"line":426,"column":6},"end":{"line":429,"column":7}},{"start":{"line":426,"column":6},"end":{"line":429,"column":7}}],"line":426},"35":{"loc":{"start":{"line":445,"column":2},"end":{"line":468,"column":3}},"type":"if","locations":[{"start":{"line":445,"column":2},"end":{"line":468,"column":3}},{"start":{"line":445,"column":2},"end":{"line":468,"column":3}}],"line":445},"36":{"loc":{"start":{"line":449,"column":6},"end":{"line":462,"column":7}},"type":"if","locations":[{"start":{"line":449,"column":6},"end":{"line":462,"column":7}},{"start":{"line":449,"column":6},"end":{"line":462,"column":7}}],"line":449},"37":{"loc":{"start":{"line":450,"column":22},"end":{"line":450,"column":62}},"type":"binary-expr","locations":[{"start":{"line":450,"column":22},"end":{"line":450,"column":42}},{"start":{"line":450,"column":46},"end":{"line":450,"column":62}}],"line":450},"38":{"loc":{"start":{"line":451,"column":20},"end":{"line":451,"column":56}},"type":"binary-expr","locations":[{"start":{"line":451,"column":20},"end":{"line":451,"column":38}},{"start":{"line":451,"column":42},"end":{"line":451,"column":56}}],"line":451},"39":{"loc":{"start":{"line":453,"column":8},"end":{"line":456,"column":9}},"type":"if","locations":[{"start":{"line":453,"column":8},"end":{"line":456,"column":9}},{"start":{"line":453,"column":8},"end":{"line":456,"column":9}}],"line":453},"40":{"loc":{"start":{"line":459,"column":22},"end":{"line":459,"column":62}},"type":"binary-expr","locations":[{"start":{"line":459,"column":22},"end":{"line":459,"column":42}},{"start":{"line":459,"column":46},"end":{"line":459,"column":62}}],"line":459},"41":{"loc":{"start":{"line":460,"column":20},"end":{"line":460,"column":56}},"type":"binary-expr","locations":[{"start":{"line":460,"column":20},"end":{"line":460,"column":38}},{"start":{"line":460,"column":42},"end":{"line":460,"column":56}}],"line":460},"42":{"loc":{"start":{"line":478,"column":52},"end":{"line":478,"column":68}},"type":"default-arg","locations":[{"start":{"line":478,"column":64},"end":{"line":478,"column":68}}],"line":478},"43":{"loc":{"start":{"line":480,"column":2},"end":{"line":484,"column":3}},"type":"if","locations":[{"start":{"line":480,"column":2},"end":{"line":484,"column":3}},{"start":{"line":480,"column":2},"end":{"line":484,"column":3}}],"line":480},"44":{"loc":{"start":{"line":486,"column":2},"end":{"line":498,"column":3}},"type":"if","locations":[{"start":{"line":486,"column":2},"end":{"line":498,"column":3}},{"start":{"line":486,"column":2},"end":{"line":498,"column":3}}],"line":486},"45":{"loc":{"start":{"line":488,"column":9},"end":{"line":498,"column":3}},"type":"if","locations":[{"start":{"line":488,"column":9},"end":{"line":498,"column":3}},{"start":{"line":488,"column":9},"end":{"line":498,"column":3}}],"line":488},"46":{"loc":{"start":{"line":490,"column":9},"end":{"line":498,"column":3}},"type":"if","locations":[{"start":{"line":490,"column":9},"end":{"line":498,"column":3}},{"start":{"line":490,"column":9},"end":{"line":498,"column":3}}],"line":490},"47":{"loc":{"start":{"line":492,"column":9},"end":{"line":498,"column":3}},"type":"if","locations":[{"start":{"line":492,"column":9},"end":{"line":498,"column":3}},{"start":{"line":492,"column":9},"end":{"line":498,"column":3}}],"line":492},"48":{"loc":{"start":{"line":494,"column":9},"end":{"line":498,"column":3}},"type":"if","locations":[{"start":{"line":494,"column":9},"end":{"line":498,"column":3}},{"start":{"line":494,"column":9},"end":{"line":498,"column":3}}],"line":494}},"s":{"0":1,"1":1,"2":1,"3":1,"4":1,"5":1,"6":1,"7":0,"8":1,"9":0,"10":0,"11":0,"12":0,"13":0,"14":0,"15":0,"16":0,"17":0,"18":0,"19":0,"20":0,"21":0,"22":0,"23":0,"24":0,"25":0,"26":0,"27":0,"28":0,"29":0,"30":0,"31":0,"32":0,"33":0,"34":0,"35":0,"36":0,"37":0,"38":0,"39":0,"40":0,"41":0,"42":0,"43":0,"44":0,"45":0,"46":0,"47":0,"48":1,"49":1,"50":1,"51":0,"52":0,"53":0,"54":0,"55":0,"56":0,"57":0,"58":0,"59":0,"60":0,"61":0,"62":0,"63":0,"64":0,"65":0,"66":0,"67":0,"68":0,"69":0,"70":0,"71":0,"72":0,"73":0,"74":0,"75":0,"76":0,"77":0,"78":0,"79":0,"80":0,"81":0,"82":0,"83":0,"84":0,"85":0,"86":0,"87":0,"88":0,"89":0,"90":0,"91":0,"92":0,"93":0,"94":0,"95":0,"96":0,"97":0,"98":0,"99":0,"100":0,"101":0,"102":0,"103":0,"104":0,"105":0,"106":0,"107":0,"108":0,"109":0,"110":0,"111":0,"112":0,"113":0,"114":0,"115":0,"116":0,"117":0,"118":0,"119":0,"120":0,"121":0,"122":0,"123":0,"124":0,"125":0,"126":0,"127":0,"128":0,"129":0,"130":0,"131":0,"132":0,"133":0,"134":0,"135":0,"136":0,"137":0,"138":0,"139":0,"140":0,"141":0,"142":0,"143":0,"144":1,"145":1,"146":1,"147":1,"148":1,"149":1,"150":1,"151":1,"152":1,"153":113,"154":49,"155":113,"156":54,"157":54,"158":54,"159":54,"160":23,"161":31,"162":54,"163":54,"164":54,"165":54,"166":21,"167":21,"168":21,"169":21,"170":14,"171":13,"172":13,"173":13,"174":20,"175":20,"176":20,"177":20,"178":16,"179":16,"180":20,"181":13,"182":1,"183":1,"184":6,"185":4,"186":4,"187":4,"188":6,"189":4,"190":4,"191":4,"192":4,"193":4,"194":4,"195":4,"196":2,"197":2,"198":2,"199":4,"200":4,"201":2,"202":17,"203":17,"204":9,"205":8,"206":17,"207":6,"208":11,"209":4,"210":7,"211":4,"212":3,"213":0,"214":3,"215":3,"216":0,"217":17,"218":1},"f":{"0":0,"1":0,"2":0,"3":0,"4":1,"5":0,"6":0,"7":0,"8":0,"9":0,"10":0,"11":0,"12":0,"13":0,"14":0,"15":0,"16":0,"17":0,"18":0,"19":0,"20":0,"21":0,"22":0,"23":0,"24":0,"25":0,"26":0,"27":0,"28":0,"29":0,"30":1,"31":1,"32":113,"33":54,"34":21,"35":21,"36":14,"37":20,"38":6,"39":6,"40":17},"b":{"0":[0,0],"1":[0,0],"2":[0,0],"3":[0,0],"4":[0,0],"5":[0,0],"6":[0,0],"7":[0,0],"8":[0,0],"9":[0,0],"10":[0,0],"11":[0,0],"12":[0,0],"13":[0,0],"14":[0,0],"15":[0,0],"16":[0,0],"17":[0,0],"18":[0,0],"19":[0,0],"20":[0,0],"21":[0,0],"22":[0,0],"23":[0,0],"24":[0,0],"25":[0,0],"26":[0,0],"27":[0,0],"28":[49,64],"29":[23,31],"30":[54,12],"31":[13,1],"32":[20,0],"33":[20,0],"34":[16,4],"35":[4,2],"36":[4,2],"37":[4,0],"38":[4,0],"39":[4,0],"40":[2,0],"41":[2,0],"42":[0],"43":[9,8],"44":[6,11],"45":[4,7],"46":[4,3],"47":[0,3],"48":[3,0]},"_coverageSchema":"43e27e138ebf9cfc5966b082cf9a028302ed4184","hash":"e901a58ea089d5beb60d1bdce1a58523f0e31e0e"}
}
