TN:
SF:C:\Users\gpadm\Documents\Homework\CIS3760\botazo-calendar\index.js
FN:15,(anonymous_0)
FN:18,(anonymous_1)
FN:21,(anonymous_2)
FN:32,handleMessage
FN:78,getUserFromMessage
FN:88,helpMessage
FN:107,storeAuthentication
FN:108,(anonymous_7)
FN:115,(anonymous_8)
FN:119,(anonymous_9)
FN:133,callApiFunction
FN:134,(anonymous_11)
FN:148,authorize
FN:153,(anonymous_13)
FN:166,getAccessToken
FN:182,getNameFromId
FN:196,listNextFiveEvents
FN:205,(anonymous_17)
FN:220,listMorningEvents
FN:229,(anonymous_19)
FN:244,listDayEvents
FN:254,(anonymous_21)
FN:269,listWeekEvents
FN:278,(anonymous_23)
FN:292,bookTime
FN:293,(anonymous_25)
FN:299,(anonymous_26)
FN:303,(anonymous_27)
FN:316,listFreeTime
FN:326,(anonymous_29)
FN:339,getCurrentDate
FN:351,getDaysAwayDate
FN:364,dateAppendZero
FN:376,parseTimeOfEvent
FN:398,parseWeekdayOfEvent
FN:408,parseMonthOfEvent
FN:418,eventsToString
FN:422,(anonymous_37)
FN:444,freeTimeToString
FN:448,(anonymous_39)
FN:478,eventRecipientToString
FNF:41
FNH:12
FNDA:0,(anonymous_0)
FNDA:0,(anonymous_1)
FNDA:0,(anonymous_2)
FNDA:0,handleMessage
FNDA:1,getUserFromMessage
FNDA:0,helpMessage
FNDA:0,storeAuthentication
FNDA:0,(anonymous_7)
FNDA:0,(anonymous_8)
FNDA:0,(anonymous_9)
FNDA:0,callApiFunction
FNDA:0,(anonymous_11)
FNDA:0,authorize
FNDA:0,(anonymous_13)
FNDA:0,getAccessToken
FNDA:0,getNameFromId
FNDA:0,listNextFiveEvents
FNDA:0,(anonymous_17)
FNDA:0,listMorningEvents
FNDA:0,(anonymous_19)
FNDA:0,listDayEvents
FNDA:0,(anonymous_21)
FNDA:0,listWeekEvents
FNDA:0,(anonymous_23)
FNDA:0,bookTime
FNDA:0,(anonymous_25)
FNDA:0,(anonymous_26)
FNDA:0,(anonymous_27)
FNDA:0,listFreeTime
FNDA:0,(anonymous_29)
FNDA:1,getCurrentDate
FNDA:1,getDaysAwayDate
FNDA:113,dateAppendZero
FNDA:54,parseTimeOfEvent
FNDA:21,parseWeekdayOfEvent
FNDA:21,parseMonthOfEvent
FNDA:14,eventsToString
FNDA:20,(anonymous_37)
FNDA:6,freeTimeToString
FNDA:6,(anonymous_39)
FNDA:17,eventRecipientToString
DA:1,1
DA:3,1
DA:4,1
DA:6,1
DA:9,1
DA:15,1
DA:18,1
DA:21,1
DA:22,0
DA:23,0
DA:25,0
DA:33,0
DA:34,0
DA:35,0
DA:36,0
DA:37,0
DA:38,0
DA:39,0
DA:40,0
DA:41,0
DA:42,0
DA:43,0
DA:44,0
DA:45,0
DA:46,0
DA:47,0
DA:48,0
DA:49,0
DA:50,0
DA:51,0
DA:52,0
DA:53,0
DA:54,0
DA:55,0
DA:56,0
DA:57,0
DA:58,0
DA:59,0
DA:60,0
DA:61,0
DA:62,0
DA:64,0
DA:65,0
DA:66,0
DA:67,0
DA:68,0
DA:69,0
DA:79,1
DA:80,1
DA:81,1
DA:89,0
DA:90,0
DA:108,0
DA:109,0
DA:110,0
DA:111,0
DA:112,0
DA:114,0
DA:115,0
DA:116,0
DA:117,0
DA:119,0
DA:120,0
DA:121,0
DA:134,0
DA:135,0
DA:137,0
DA:149,0
DA:150,0
DA:153,0
DA:154,0
DA:155,0
DA:156,0
DA:167,0
DA:172,0
DA:174,0
DA:183,0
DA:184,0
DA:185,0
DA:197,0
DA:198,0
DA:199,0
DA:206,0
DA:207,0
DA:208,0
DA:209,0
DA:210,0
DA:221,0
DA:222,0
DA:223,0
DA:230,0
DA:231,0
DA:232,0
DA:233,0
DA:234,0
DA:246,0
DA:247,0
DA:248,0
DA:255,0
DA:256,0
DA:257,0
DA:258,0
DA:259,0
DA:270,0
DA:271,0
DA:272,0
DA:279,0
DA:280,0
DA:281,0
DA:282,0
DA:283,0
DA:293,0
DA:294,0
DA:296,0
DA:297,0
DA:298,0
DA:299,0
DA:300,0
DA:301,0
DA:303,0
DA:304,0
DA:305,0
DA:318,0
DA:319,0
DA:320,0
DA:327,0
DA:328,0
DA:329,0
DA:330,0
DA:331,0
DA:340,1
DA:341,1
DA:342,1
DA:343,1
DA:352,1
DA:353,1
DA:354,1
DA:355,1
DA:356,1
DA:365,113
DA:366,49
DA:368,113
DA:377,54
DA:378,54
DA:380,54
DA:381,54
DA:382,23
DA:384,31
DA:386,54
DA:388,54
DA:389,54
DA:390,54
DA:399,21
DA:400,21
DA:409,21
DA:410,21
DA:419,14
DA:420,13
DA:421,13
DA:422,13
DA:423,20
DA:424,20
DA:425,20
DA:426,20
DA:427,16
DA:428,16
DA:430,20
DA:432,13
DA:434,1
DA:435,1
DA:445,6
DA:446,4
DA:447,4
DA:448,4
DA:449,6
DA:450,4
DA:451,4
DA:452,4
DA:453,4
DA:454,4
DA:455,4
DA:457,4
DA:459,2
DA:460,2
DA:461,2
DA:464,4
DA:465,4
DA:467,2
DA:479,17
DA:480,17
DA:481,9
DA:483,8
DA:486,17
DA:487,6
DA:488,11
DA:489,4
DA:490,7
DA:491,4
DA:492,3
DA:493,0
DA:494,3
DA:495,3
DA:497,0
DA:500,17
DA:503,1
LF:205
LH:84
BRDA:22,0,0,0
BRDA:22,0,1,0
BRDA:35,1,0,0
BRDA:35,1,1,0
BRDA:37,2,0,0
BRDA:37,2,1,0
BRDA:40,3,0,0
BRDA:40,3,1,0
BRDA:42,4,0,0
BRDA:42,4,1,0
BRDA:45,5,0,0
BRDA:45,5,1,0
BRDA:47,6,0,0
BRDA:47,6,1,0
BRDA:50,7,0,0
BRDA:50,7,1,0
BRDA:52,8,0,0
BRDA:52,8,1,0
BRDA:54,9,0,0
BRDA:54,9,1,0
BRDA:56,10,0,0
BRDA:56,10,1,0
BRDA:59,11,0,0
BRDA:59,11,1,0
BRDA:61,12,0,0
BRDA:61,12,1,0
BRDA:67,13,0,0
BRDA:67,13,1,0
BRDA:109,14,0,0
BRDA:109,14,1,0
BRDA:116,15,0,0
BRDA:116,15,1,0
BRDA:120,16,0,0
BRDA:120,16,1,0
BRDA:135,17,0,0
BRDA:135,17,1,0
BRDA:154,18,0,0
BRDA:154,18,1,0
BRDA:184,19,0,0
BRDA:184,19,1,0
BRDA:206,20,0,0
BRDA:206,20,1,0
BRDA:230,21,0,0
BRDA:230,21,1,0
BRDA:255,22,0,0
BRDA:255,22,1,0
BRDA:279,23,0,0
BRDA:279,23,1,0
BRDA:294,24,0,0
BRDA:294,24,1,0
BRDA:300,25,0,0
BRDA:300,25,1,0
BRDA:304,26,0,0
BRDA:304,26,1,0
BRDA:327,27,0,0
BRDA:327,27,1,0
BRDA:365,28,0,49
BRDA:365,28,1,64
BRDA:381,29,0,23
BRDA:381,29,1,31
BRDA:386,30,0,54
BRDA:386,30,1,12
BRDA:419,31,0,13
BRDA:419,31,1,1
BRDA:423,32,0,20
BRDA:423,32,1,0
BRDA:424,33,0,20
BRDA:424,33,1,0
BRDA:426,34,0,16
BRDA:426,34,1,4
BRDA:445,35,0,4
BRDA:445,35,1,2
BRDA:449,36,0,4
BRDA:449,36,1,2
BRDA:450,37,0,4
BRDA:450,37,1,0
BRDA:451,38,0,4
BRDA:451,38,1,0
BRDA:453,39,0,4
BRDA:453,39,1,0
BRDA:459,40,0,2
BRDA:459,40,1,0
BRDA:460,41,0,2
BRDA:460,41,1,0
BRDA:478,42,0,0
BRDA:480,43,0,9
BRDA:480,43,1,8
BRDA:486,44,0,6
BRDA:486,44,1,11
BRDA:488,45,0,4
BRDA:488,45,1,7
BRDA:490,46,0,4
BRDA:490,46,1,3
BRDA:492,47,0,0
BRDA:492,47,1,3
BRDA:494,48,0,3
BRDA:494,48,1,0
BRF:97
BRH:31
end_of_record
