TN:
SF:/Users/cam/Documents/calender/botazo-calendar/index.js
FN:59,(anonymous_0)
FN:62,(anonymous_1)
FN:65,(anonymous_2)
FN:74,handleMessage
FN:112,getUserFromMessage
FN:124,storeAuthentication
FN:125,(anonymous_6)
FN:132,(anonymous_7)
FN:136,(anonymous_8)
FN:150,callApiFunction
FN:151,(anonymous_10)
FN:165,authorize
FN:170,(anonymous_12)
FN:183,getAccessToken
FN:194,getNameFromId
FN:208,listNextFiveEvents
FN:211,(anonymous_16)
FN:225,listMorningEvents
FN:228,(anonymous_18)
FN:242,listDayEvents
FN:246,(anonymous_20)
FN:260,listWeekEvents
FN:263,(anonymous_22)
FN:277,listFreeTime
FN:281,(anonymous_24)
FN:293,getCurrentDate
FN:305,getDaysAwayDate
FN:318,dateAppendZero
FN:330,parseTimeOfEvent
FN:352,parseWeekdayOfEvent
FN:361,parseMonthOfEvent
FN:370,eventsToString
FN:374,(anonymous_32)
FN:396,freeTimeToString
FN:400,(anonymous_34)
FN:430,eventRecipientToString
FNF:36
FNH:13
FNDA:0,(anonymous_0)
FNDA:0,(anonymous_1)
FNDA:0,(anonymous_2)
FNDA:1,handleMessage
FNDA:1,getUserFromMessage
FNDA:0,storeAuthentication
FNDA:0,(anonymous_6)
FNDA:0,(anonymous_7)
FNDA:0,(anonymous_8)
FNDA:0,callApiFunction
FNDA:0,(anonymous_10)
FNDA:0,authorize
FNDA:0,(anonymous_12)
FNDA:0,getAccessToken
FNDA:0,getNameFromId
FNDA:0,listNextFiveEvents
FNDA:0,(anonymous_16)
FNDA:0,listMorningEvents
FNDA:0,(anonymous_18)
FNDA:0,listDayEvents
FNDA:0,(anonymous_20)
FNDA:0,listWeekEvents
FNDA:0,(anonymous_22)
FNDA:0,listFreeTime
FNDA:0,(anonymous_24)
FNDA:6,getCurrentDate
FNDA:2,getDaysAwayDate
FNDA:125,dateAppendZero
FNDA:54,parseTimeOfEvent
FNDA:21,parseWeekdayOfEvent
FNDA:21,parseMonthOfEvent
FNDA:14,eventsToString
FNDA:20,(anonymous_32)
FNDA:6,freeTimeToString
FNDA:6,(anonymous_34)
FNDA:17,eventRecipientToString
DA:1,1
DA:3,1
DA:4,1
DA:6,1
DA:8,1
DA:18,1
DA:19,1
DA:21,1
DA:26,1
DA:34,1
DA:42,1
DA:50,1
DA:59,1
DA:62,1
DA:65,1
DA:66,0
DA:67,0
DA:75,1
DA:76,1
DA:77,1
DA:78,0
DA:79,1
DA:80,0
DA:81,1
DA:82,0
DA:83,1
DA:84,0
DA:85,1
DA:86,0
DA:87,1
DA:88,0
DA:89,1
DA:90,0
DA:91,0
DA:92,1
DA:93,0
DA:94,1
DA:95,0
DA:96,1
DA:97,0
DA:98,1
DA:99,0
DA:100,1
DA:101,0
DA:103,1
DA:113,1
DA:114,1
DA:115,1
DA:125,0
DA:126,0
DA:127,0
DA:128,0
DA:129,0
DA:131,0
DA:132,0
DA:133,0
DA:134,0
DA:136,0
DA:137,0
DA:138,0
DA:151,0
DA:152,0
DA:154,0
DA:166,0
DA:167,0
DA:170,0
DA:171,0
DA:172,0
DA:173,0
DA:184,0
DA:185,0
DA:186,0
DA:195,0
DA:196,0
DA:197,0
DA:209,0
DA:210,0
DA:211,0
DA:212,0
DA:213,0
DA:214,0
DA:215,0
DA:226,0
DA:227,0
DA:228,0
DA:229,0
DA:230,0
DA:231,0
DA:232,0
DA:244,0
DA:245,0
DA:246,0
DA:247,0
DA:248,0
DA:249,0
DA:250,0
DA:261,0
DA:262,0
DA:263,0
DA:264,0
DA:265,0
DA:266,0
DA:267,0
DA:279,0
DA:280,0
DA:281,0
DA:282,0
DA:283,0
DA:284,0
DA:285,0
DA:294,6
DA:295,6
DA:296,6
DA:297,6
DA:306,2
DA:307,2
DA:308,2
DA:309,2
DA:310,2
DA:319,125
DA:320,49
DA:322,125
DA:331,54
DA:332,54
DA:334,54
DA:335,54
DA:336,23
DA:338,31
DA:340,54
DA:342,54
DA:343,54
DA:344,54
DA:353,21
DA:362,21
DA:371,14
DA:372,13
DA:373,13
DA:374,13
DA:375,20
DA:376,20
DA:377,20
DA:378,20
DA:379,16
DA:380,16
DA:382,20
DA:384,13
DA:386,1
DA:387,1
DA:397,6
DA:398,4
DA:399,4
DA:400,4
DA:401,6
DA:402,4
DA:403,4
DA:404,4
DA:405,4
DA:406,4
DA:407,4
DA:409,4
DA:411,2
DA:412,2
DA:413,2
DA:416,4
DA:417,4
DA:419,2
DA:431,17
DA:432,17
DA:433,9
DA:435,8
DA:438,17
DA:439,6
DA:440,11
DA:441,4
DA:442,7
DA:443,4
DA:444,3
DA:445,0
DA:446,3
DA:447,3
DA:449,0
DA:452,17
DA:455,1
LF:183
LH:104
BRDA:66,0,0,0
BRDA:66,0,1,0
BRDA:77,1,0,0
BRDA:77,1,1,1
BRDA:79,2,0,0
BRDA:79,2,1,1
BRDA:81,3,0,0
BRDA:81,3,1,1
BRDA:83,4,0,0
BRDA:83,4,1,1
BRDA:85,5,0,0
BRDA:85,5,1,1
BRDA:87,6,0,0
BRDA:87,6,1,1
BRDA:89,7,0,0
BRDA:89,7,1,1
BRDA:92,8,0,0
BRDA:92,8,1,1
BRDA:94,9,0,0
BRDA:94,9,1,1
BRDA:96,10,0,0
BRDA:96,10,1,1
BRDA:98,11,0,0
BRDA:98,11,1,1
BRDA:100,12,0,0
BRDA:100,12,1,1
BRDA:126,13,0,0
BRDA:126,13,1,0
BRDA:133,14,0,0
BRDA:133,14,1,0
BRDA:137,15,0,0
BRDA:137,15,1,0
BRDA:152,16,0,0
BRDA:152,16,1,0
BRDA:171,17,0,0
BRDA:171,17,1,0
BRDA:196,18,0,0
BRDA:196,18,1,0
BRDA:212,19,0,0
BRDA:212,19,1,0
BRDA:229,20,0,0
BRDA:229,20,1,0
BRDA:247,21,0,0
BRDA:247,21,1,0
BRDA:264,22,0,0
BRDA:264,22,1,0
BRDA:282,23,0,0
BRDA:282,23,1,0
BRDA:319,24,0,49
BRDA:319,24,1,76
BRDA:335,25,0,23
BRDA:335,25,1,31
BRDA:340,26,0,54
BRDA:340,26,1,12
BRDA:371,27,0,13
BRDA:371,27,1,1
BRDA:375,28,0,20
BRDA:375,28,1,0
BRDA:376,29,0,20
BRDA:376,29,1,0
BRDA:378,30,0,16
BRDA:378,30,1,4
BRDA:397,31,0,4
BRDA:397,31,1,2
BRDA:401,32,0,4
BRDA:401,32,1,2
BRDA:402,33,0,4
BRDA:402,33,1,0
BRDA:403,34,0,4
BRDA:403,34,1,0
BRDA:405,35,0,4
BRDA:405,35,1,0
BRDA:411,36,0,2
BRDA:411,36,1,0
BRDA:412,37,0,2
BRDA:412,37,1,0
BRDA:430,38,0,0
BRDA:432,39,0,9
BRDA:432,39,1,8
BRDA:438,40,0,6
BRDA:438,40,1,11
BRDA:440,41,0,4
BRDA:440,41,1,7
BRDA:442,42,0,4
BRDA:442,42,1,3
BRDA:444,43,0,0
BRDA:444,43,1,3
BRDA:446,44,0,3
BRDA:446,44,1,0
BRF:89
BRH:43
end_of_record
